Using pre-set license
Built from '2020.3/staging' branch; Version is '2020.3.30f1 (1fb1bf06830e) revision 2077119'; Using compiler version '192528614'; Build Type 'Release'
OS: 'Windows 11  (10.0.22000) 64bit Professional' Language: 'ru' Physical Memory: 16337 MB
BatchMode: 1, IsHumanControllingUs: 0, StartBugReporterOnCrash: 0, Is64bit: 1, IsPro: 0

COMMAND LINE ARGUMENTS:
E:\UnityEditors\2020.3.30f1\Editor\Unity.exe
-adb2
-batchMode
-noUpm
-name
AssetImportWorker0
-projectPath
E:/Projects/QA_Gamedev_2022_03
-logFile
Logs/AssetImportWorker0.log
-srvPort
58517
Successfully changed project path to: E:/Projects/QA_Gamedev_2022_03
E:/Projects/QA_Gamedev_2022_03
Using Asset Import Pipeline V2.
Refreshing native plugins compatible for Editor in 44.00 ms, found 2 plugins.
Preloading 0 native plugins for Editor in 0.00 ms.
Initialize engine version: 2020.3.30f1 (1fb1bf06830e)
[Subsystems] Discovering subsystems at path E:/UnityEditors/2020.3.30f1/Editor/Data/Resources/UnitySubsystems
[Subsystems] Discovering subsystems at path E:/Projects/QA_Gamedev_2022_03/Assets
GfxDevice: creating device client; threaded=0
Direct3D:
    Version:  Direct3D 11.0 [level 11.1]
    Renderer: AMD Radeon RX 5700 XT (ID=0x731f)
    Vendor:   
    VRAM:     8151 MB
    Driver:   30.0.15002.1004
Initialize mono
Mono path[0] = 'E:/UnityEditors/2020.3.30f1/Editor/Data/Managed'
Mono path[1] = 'E:/UnityEditors/2020.3.30f1/Editor/Data/MonoBleedingEdge/lib/mono/unityjit'
Mono config path = 'E:/UnityEditors/2020.3.30f1/Editor/Data/MonoBleedingEdge/etc'
Using monoOptions --debugger-agent=transport=dt_socket,embedding=1,server=y,suspend=n,address=127.0.0.1:56120
Begin MonoManager ReloadAssembly
Registering precompiled unity dll's ...
Register platform support module: E:/UnityEditors/2020.3.30f1/Editor/Data/PlaybackEngines/WindowsStandaloneSupport/UnityEditor.WindowsStandalone.Extensions.dll
Registered in 0.000820 seconds.
Native extension for WindowsStandalone target not found
Refreshing native plugins compatible for Editor in 55.33 ms, found 2 plugins.
Preloading 0 native plugins for Editor in 0.00 ms.
Mono: successfully reloaded assembly
- Completed reload, in  0.542 seconds
Domain Reload Profiling:
	ReloadAssembly (542ms)
		BeginReloadAssembly (65ms)
			ExecutionOrderSort (0ms)
			DisableScriptedObjects (0ms)
			BackupInstance (0ms)
			ReleaseScriptingObjects (0ms)
			CreateAndSetChildDomain (1ms)
		EndReloadAssembly (419ms)
			LoadAssemblies (65ms)
			RebuildTransferFunctionScriptingTraits (0ms)
			SetupTypeCache (134ms)
			ReleaseScriptCaches (0ms)
			RebuildScriptCaches (30ms)
			SetupLoadedEditorAssemblies (169ms)
				LogAssemblyErrors (0ms)
				InitializePlatformSupportModulesInManaged (4ms)
				SetLoadedEditorAssemblies (0ms)
				RefreshPlugins (55ms)
				BeforeProcessingInitializeOnLoad (8ms)
				ProcessInitializeOnLoadAttributes (75ms)
				ProcessInitializeOnLoadMethodAttributes (26ms)
				AfterProcessingInitializeOnLoad (0ms)
				EditorAssembliesLoaded (0ms)
			ExecutionOrderSort2 (0ms)
			AwakeInstancesAfterBackupRestoration (0ms)
Platform modules already initialized, skipping
Registering precompiled user dll's ...
Registered in 0.002254 seconds.
Begin MonoManager ReloadAssembly
Native extension for WindowsStandalone target not found
Refreshing native plugins compatible for Editor in 0.40 ms, found 2 plugins.
Preloading 0 native plugins for Editor in 0.00 ms.
Mono: successfully reloaded assembly
- Completed reload, in  0.875 seconds
Domain Reload Profiling:
	ReloadAssembly (876ms)
		BeginReloadAssembly (134ms)
			ExecutionOrderSort (0ms)
			DisableScriptedObjects (4ms)
			BackupInstance (0ms)
			ReleaseScriptingObjects (0ms)
			CreateAndSetChildDomain (14ms)
		EndReloadAssembly (696ms)
			LoadAssemblies (91ms)
			RebuildTransferFunctionScriptingTraits (0ms)
			SetupTypeCache (239ms)
			ReleaseScriptCaches (0ms)
			RebuildScriptCaches (41ms)
			SetupLoadedEditorAssemblies (261ms)
				LogAssemblyErrors (0ms)
				InitializePlatformSupportModulesInManaged (4ms)
				SetLoadedEditorAssemblies (0ms)
				RefreshPlugins (0ms)
				BeforeProcessingInitializeOnLoad (51ms)
				ProcessInitializeOnLoadAttributes (195ms)
				ProcessInitializeOnLoadMethodAttributes (9ms)
				AfterProcessingInitializeOnLoad (1ms)
				EditorAssembliesLoaded (0ms)
			ExecutionOrderSort2 (0ms)
			AwakeInstancesAfterBackupRestoration (6ms)
Platform modules already initialized, skipping
========================================================================
Worker process is ready to serve import requests
Launched and connected shader compiler UnityShaderCompiler.exe after 0.03 seconds
Refreshing native plugins compatible for Editor in 0.42 ms, found 2 plugins.
Preloading 0 native plugins for Editor in 0.00 ms.
Unloading 2144 Unused Serialized files (Serialized files now loaded: 0)
System memory in use before: 94.1 MB.
System memory in use after: 94.2 MB.

Unloading 18 unused Assets to reduce memory usage. Loaded Objects now: 2579.
Total: 2.338300 ms (FindLiveObjects: 0.124100 ms CreateObjectMapping: 0.079000 ms MarkObjects: 2.060900 ms  DeleteObjects: 0.073900 ms)

AssetImportParameters requested are different than current active one (requested -> active):
  custom:framework-win-MediaFoundation: 216162199b28c13a410421893ffa2e32 -> 
  custom:video-decoder-ogg-theora: a1e56fd34408186e4bbccfd4996cb3dc -> 
  custom:container-muxer-webm: aa71ff27fc2769a1b78a27578f13a17b -> 
  custom:container-demuxer-webm: 4f35f7cbe854078d1ac9338744f61a02 -> 
  custom:container-demuxer-ogg: 62fdf1f143b41e24485cea50d1cbac27 -> 
  custom:video-encoder-webm-vp8: eb34c28f22e8b96e1ab97ce403110664 -> 
  custom:video-decoder-webm-vp8: 9c59270c3fd7afecdb556c50c9e8de78 -> 
  custom:audio-decoder-ogg-vorbis: bf7c407c2cedff20999df2af8eb42d56 -> 
  custom:audio-encoder-webm-vorbis: bf7c407c2cedff20999df2af8eb42d56 -> 
========================================================================
Received Import Request.
  path: Assets/FPS/Scenes/MainScene.unity
  artifactKey: Guid(d794a2ef8ba31d847ad3c19d03e2ddb9) Importer(815301076,1909f56bfc062723c751e8b465ee728b)
Start importing Assets/FPS/Scenes/MainScene.unity using Guid(d794a2ef8ba31d847ad3c19d03e2ddb9) Importer(815301076,1909f56bfc062723c751e8b465ee728b)  -> (artifact id: '4dc89164f2d0360d436772007f160745') in 0.010316 seconds 
========================================================================
Received Import Request.
  Time since last request: 2549.396465 seconds.
  path: Assets/FPS/Audio/MainAudioMixer.mixer
  artifactKey: Guid(fcc71635aab95ff4fbdf1880bf2afa2f) Importer(815301076,1909f56bfc062723c751e8b465ee728b)
Start importing Assets/FPS/Audio/MainAudioMixer.mixer using Guid(fcc71635aab95ff4fbdf1880bf2afa2f) Importer(815301076,1909f56bfc062723c751e8b465ee728b)  -> (artifact id: '61c142cca20925a00a6f41bd13a4edd3') in 0.019616 seconds 
========================================================================
Received Import Request.
  Time since last request: 0.153775 seconds.
  path: Assets/FPS/Prefabs/Cube.prefab
  artifactKey: Guid(cf7e257d2b255a84499370f200689835) Importer(815301076,1909f56bfc062723c751e8b465ee728b)
Start importing Assets/FPS/Prefabs/Cube.prefab using Guid(cf7e257d2b255a84499370f200689835) Importer(815301076,1909f56bfc062723c751e8b465ee728b)  -> (artifact id: '73e7aef6853705ba36257091d777b948') in 0.027810 seconds 
========================================================================
Received Import Request.
  Time since last request: 0.000126 seconds.
  path: Assets/FPS/Prefabs/ObjectiveKillEnemies.prefab
  artifactKey: Guid(012d63212fd1fe646b661cb8446c7bd4) Importer(815301076,1909f56bfc062723c751e8b465ee728b)
Start importing Assets/FPS/Prefabs/ObjectiveKillEnemies.prefab using Guid(012d63212fd1fe646b661cb8446c7bd4) Importer(815301076,1909f56bfc062723c751e8b465ee728b)  -> (artifact id: '0e0414397270fc1fe46d6cfa847926cd') in 0.004225 seconds 
========================================================================
Received Import Request.
  Time since last request: 0.000117 seconds.
  path: Assets/FPS/Prefabs/Player.prefab
  artifactKey: Guid(761cdc9e4e883334cbdcea062d0befa7) Importer(815301076,1909f56bfc062723c751e8b465ee728b)
Start importing Assets/FPS/Prefabs/Player.prefab using Guid(761cdc9e4e883334cbdcea062d0befa7) Importer(815301076,1909f56bfc062723c751e8b465ee728b)  -> (artifact id: '6026ae9c4a8ed9c5d49dea5226d6531a') in 0.087984 seconds 
========================================================================
Received Import Request.
  Time since last request: 0.000121 seconds.
  path: Assets/FPS/Prefabs/ObjectiveReachPoint.prefab
  artifactKey: Guid(d401b602eddc4e449b385a053f012a4c) Importer(815301076,1909f56bfc062723c751e8b465ee728b)
Start importing Assets/FPS/Prefabs/ObjectiveReachPoint.prefab using Guid(d401b602eddc4e449b385a053f012a4c) Importer(815301076,1909f56bfc062723c751e8b465ee728b)  -> (artifact id: 'afc2d035b8da46a517520736ede9aaad') in 0.013445 seconds 
========================================================================
Received Import Request.
  Time since last request: 0.000125 seconds.
  path: Assets/FPS/Prefabs/DebugTeleportPlayer.prefab
  artifactKey: Guid(fe7e09d3ff741dc4285ddf0ed3ef03ac) Importer(815301076,1909f56bfc062723c751e8b465ee728b)
Start importing Assets/FPS/Prefabs/DebugTeleportPlayer.prefab using Guid(fe7e09d3ff741dc4285ddf0ed3ef03ac) Importer(815301076,1909f56bfc062723c751e8b465ee728b)  -> (artifact id: 'd34cd48005294ca399754883a0fb9410') in 0.013586 seconds 
========================================================================
Received Import Request.
  Time since last request: 0.000153 seconds.
  path: Assets/FPS/Prefabs/GameManager.prefab
  artifactKey: Guid(c996b53e9f849234393d1e90f68d1679) Importer(815301076,1909f56bfc062723c751e8b465ee728b)
Start importing Assets/FPS/Prefabs/GameManager.prefab using Guid(c996b53e9f849234393d1e90f68d1679) Importer(815301076,1909f56bfc062723c751e8b465ee728b)  -> (artifact id: 'c2635f78cb0d0653d5f098b37bb46988') in 0.091011 seconds 
========================================================================
Received Import Request.
  Time since last request: 0.000116 seconds.
  path: Assets/FPS/Prefabs/ObjectivePickupItem.prefab
  artifactKey: Guid(a5e57422b1d4cd7418d7bd6037f5a604) Importer(815301076,1909f56bfc062723c751e8b465ee728b)
Start importing Assets/FPS/Prefabs/ObjectivePickupItem.prefab using Guid(a5e57422b1d4cd7418d7bd6037f5a604) Importer(815301076,1909f56bfc062723c751e8b465ee728b)  -> (artifact id: '8687622680a17cb6db6a0a36c5b75ffa') in 0.003291 seconds 
========================================================================
Received Import Request.
  Time since last request: 2.107111 seconds.
  path: Assets/ModAssets/Fonts/Bangers-Regular SDF.asset
  artifactKey: Guid(0e141b3397d234c8685509c5d77ebcf1) Importer(815301076,1909f56bfc062723c751e8b465ee728b)
Start importing Assets/ModAssets/Fonts/Bangers-Regular SDF.asset using Guid(0e141b3397d234c8685509c5d77ebcf1) Importer(815301076,1909f56bfc062723c751e8b465ee728b)  -> (artifact id: '5e2278fe9889836ef89c66191fedfa52') in 0.058866 seconds 
========================================================================
Received Import Request.
  Time since last request: 0.000108 seconds.
  path: Assets/ModAssets/Fonts/ZCOOLKuaiLe-Regular SDF.asset
  artifactKey: Guid(8ebfeea7062344f0c96b8a1d614a92b1) Importer(815301076,1909f56bfc062723c751e8b465ee728b)
Start importing Assets/ModAssets/Fonts/ZCOOLKuaiLe-Regular SDF.asset using Guid(8ebfeea7062344f0c96b8a1d614a92b1) Importer(815301076,1909f56bfc062723c751e8b465ee728b)  -> (artifact id: 'ff205c9a5f51a218e1fb389941a583bf') in 0.017827 seconds 
========================================================================
Received Import Request.
  Time since last request: 0.000133 seconds.
  path: Assets/ModAssets/Fonts/CormorantUnicase-Regular SDF.asset
  artifactKey: Guid(ba62bccd3bc0142bc9a0bc1addeaadce) Importer(815301076,1909f56bfc062723c751e8b465ee728b)
Start importing Assets/ModAssets/Fonts/CormorantUnicase-Regular SDF.asset using Guid(ba62bccd3bc0142bc9a0bc1addeaadce) Importer(815301076,1909f56bfc062723c751e8b465ee728b)  -> (artifact id: '641a43499e94669936d98f0bedb2d56f') in 0.014775 seconds 
========================================================================
Received Import Request.
  Time since last request: 0.000128 seconds.
  path: Assets/ModAssets/Fonts/Merriweather-Regular SDF.asset
  artifactKey: Guid(ea4179ba609564f33b822e1be581b321) Importer(815301076,1909f56bfc062723c751e8b465ee728b)
Start importing Assets/ModAssets/Fonts/Merriweather-Regular SDF.asset using Guid(ea4179ba609564f33b822e1be581b321) Importer(815301076,1909f56bfc062723c751e8b465ee728b)  -> (artifact id: '7d5c5027aa24a010cf99b7e6b8eea3be') in 0.017021 seconds 
========================================================================
Received Import Request.
  Time since last request: 0.000146 seconds.
  path: Assets/ModAssets/Fonts/Raleway-Regular SDF.asset
  artifactKey: Guid(2abf75d6e0d8a4aa6910fae6ee5d638b) Importer(815301076,1909f56bfc062723c751e8b465ee728b)
Start importing Assets/ModAssets/Fonts/Raleway-Regular SDF.asset using Guid(2abf75d6e0d8a4aa6910fae6ee5d638b) Importer(815301076,1909f56bfc062723c751e8b465ee728b)  -> (artifact id: '5f35865090f4a8a5846211c5a25401e9') in 0.016383 seconds 
========================================================================
Received Import Request.
  Time since last request: 0.000134 seconds.
  path: Assets/ModAssets/Fonts/PressStart2P-Regular SDF.asset
  artifactKey: Guid(88003508be39e449cb51c48494e680cf) Importer(815301076,1909f56bfc062723c751e8b465ee728b)
Start importing Assets/ModAssets/Fonts/PressStart2P-Regular SDF.asset using Guid(88003508be39e449cb51c48494e680cf) Importer(815301076,1909f56bfc062723c751e8b465ee728b)  -> (artifact id: '32b0b082262c5a3866fd6ca9d1a0a0cd') in 0.014439 seconds 
========================================================================
Received Import Request.
  Time since last request: 0.000135 seconds.
  path: Assets/ModAssets/Fonts/Orbitron-Regular SDF.asset
  artifactKey: Guid(d393f12bd75574ef991a7a2c74b29c69) Importer(815301076,1909f56bfc062723c751e8b465ee728b)
Start importing Assets/ModAssets/Fonts/Orbitron-Regular SDF.asset using Guid(d393f12bd75574ef991a7a2c74b29c69) Importer(815301076,1909f56bfc062723c751e8b465ee728b)  -> (artifact id: 'a3d1ce043c064eeb89039c21c5f22fc9') in 0.014398 seconds 
========================================================================
Received Import Request.
  Time since last request: 0.000125 seconds.
  path: Assets/ModAssets/Fonts/BioRhymeExpanded-Regular SDF.asset
  artifactKey: Guid(2d0aaede2506c4ca0969c32576224028) Importer(815301076,1909f56bfc062723c751e8b465ee728b)
Start importing Assets/ModAssets/Fonts/BioRhymeExpanded-Regular SDF.asset using Guid(2d0aaede2506c4ca0969c32576224028) Importer(815301076,1909f56bfc062723c751e8b465ee728b)  -> (artifact id: '476ff99c94b6eb1f6ce4afcf00a2442c') in 0.014133 seconds 
========================================================================
Received Import Request.
  Time since last request: 0.000190 seconds.
  path: Assets/ModAssets/Fonts/DancingScript-Regular SDF.asset
  artifactKey: Guid(7b50419dd5d254755b7929b05d413472) Importer(815301076,1909f56bfc062723c751e8b465ee728b)
Start importing Assets/ModAssets/Fonts/DancingScript-Regular SDF.asset using Guid(7b50419dd5d254755b7929b05d413472) Importer(815301076,1909f56bfc062723c751e8b465ee728b)  -> (artifact id: 'be2bd594662189eaaa27c820e025e4a7') in 0.014772 seconds 
========================================================================
Received Import Request.
  Time since last request: 0.000147 seconds.
  path: Assets/ModAssets/Fonts/IndieFlower SDF.asset
  artifactKey: Guid(2a0d250d860e74880b33abdcb4a9da2a) Importer(815301076,1909f56bfc062723c751e8b465ee728b)
Start importing Assets/ModAssets/Fonts/IndieFlower SDF.asset using Guid(2a0d250d860e74880b33abdcb4a9da2a) Importer(815301076,1909f56bfc062723c751e8b465ee728b)  -> (artifact id: 'a45116627f9f9b9a881fd315471df9c6') in 0.014207 seconds 
========================================================================
Received Import Request.
  Time since last request: 1.352381 seconds.
  path: Assets/ModAssets/Models/AncientProps/Archway.fbx
  artifactKey: Guid(8845e58e723a048699e6cf81997a1af0) Importer(815301076,1909f56bfc062723c751e8b465ee728b)
Start importing Assets/ModAssets/Models/AncientProps/Archway.fbx using Guid(8845e58e723a048699e6cf81997a1af0) Importer(815301076,1909f56bfc062723c751e8b465ee728b)  -> (artifact id: '7b5626d874243f22dfb290e90cb182ce') in 0.208210 seconds 
========================================================================
Received Import Request.
  Time since last request: 0.000110 seconds.
  path: Assets/ModAssets/Models/AncientProps/Obelisk.fbx
  artifactKey: Guid(b5f62aa1f09e3403baa23022a5d9e4b1) Importer(815301076,1909f56bfc062723c751e8b465ee728b)
Start importing Assets/ModAssets/Models/AncientProps/Obelisk.fbx using Guid(b5f62aa1f09e3403baa23022a5d9e4b1) Importer(815301076,1909f56bfc062723c751e8b465ee728b)  -> (artifact id: 'a01ea5422a7b7820d323ff40cf86a0e3') in 0.012559 seconds 
========================================================================
Received Import Request.
  Time since last request: 0.000124 seconds.
  path: Assets/ModAssets/Models/AncientProps/Pillar.fbx
  artifactKey: Guid(7c49e12debb73554780638b4c35f023d) Importer(815301076,1909f56bfc062723c751e8b465ee728b)
Start importing Assets/ModAssets/Models/AncientProps/Pillar.fbx using Guid(7c49e12debb73554780638b4c35f023d) Importer(815301076,1909f56bfc062723c751e8b465ee728b)  -> (artifact id: '08ab3024e6e8f42ba4ec60cc3b75ad89') in 0.013791 seconds 
========================================================================
Received Import Request.
  Time since last request: 0.000154 seconds.
  path: Assets/ModAssets/Models/AncientProps/Pyramid.fbx
  artifactKey: Guid(855be228fb4e849aea507dabde98fbff) Importer(815301076,1909f56bfc062723c751e8b465ee728b)
Start importing Assets/ModAssets/Models/AncientProps/Pyramid.fbx using Guid(855be228fb4e849aea507dabde98fbff) Importer(815301076,1909f56bfc062723c751e8b465ee728b)  -> (artifact id: '9d3d0a9ff4f29d154d0ea76403408777') in 0.015244 seconds 
========================================================================
Received Import Request.
  Time since last request: 0.000116 seconds.
  path: Assets/ModAssets/Models/AncientProps/MoaiHead.fbx
  artifactKey: Guid(3ce0ea2030a24458eb9e3ec8fbae0a88) Importer(815301076,1909f56bfc062723c751e8b465ee728b)
Start importing Assets/ModAssets/Models/AncientProps/MoaiHead.fbx using Guid(3ce0ea2030a24458eb9e3ec8fbae0a88) Importer(815301076,1909f56bfc062723c751e8b465ee728b)  -> (artifact id: '861d9e4e154f9cef7d87eeefd761940e') in 0.013410 seconds 
========================================================================
Received Import Request.
  Time since last request: 0.618656 seconds.
  path: Assets/ModAssets/Models/BillboardMeshes/billboard_3D_basic.fbx
  artifactKey: Guid(ad9c1e36fab414677bc655cab88a1b71) Importer(815301076,1909f56bfc062723c751e8b465ee728b)
Start importing Assets/ModAssets/Models/BillboardMeshes/billboard_3D_basic.fbx using Guid(ad9c1e36fab414677bc655cab88a1b71) Importer(815301076,1909f56bfc062723c751e8b465ee728b)  -> (artifact id: '9a6731ec5974ba76dbaf35d28ef6441a') in 0.021459 seconds 
========================================================================
Received Import Request.
  Time since last request: 0.000119 seconds.
  path: Assets/ModAssets/Models/BillboardMeshes/billboard_3D_tall.fbx
  artifactKey: Guid(ae9da133c804d4fd8b985969f814bfdc) Importer(815301076,1909f56bfc062723c751e8b465ee728b)
Start importing Assets/ModAssets/Models/BillboardMeshes/billboard_3D_tall.fbx using Guid(ae9da133c804d4fd8b985969f814bfdc) Importer(815301076,1909f56bfc062723c751e8b465ee728b)  -> (artifact id: 'f95675751b8aaae92a61f12bfe33d531') in 0.018246 seconds 
========================================================================
Received Import Request.
  Time since last request: 0.494234 seconds.
  path: Assets/ModAssets/Models/FoodProps/Cookie.fbx
  artifactKey: Guid(a8f127f4a0a19407db2b784d5ae1b637) Importer(815301076,1909f56bfc062723c751e8b465ee728b)
Start importing Assets/ModAssets/Models/FoodProps/Cookie.fbx using Guid(a8f127f4a0a19407db2b784d5ae1b637) Importer(815301076,1909f56bfc062723c751e8b465ee728b)  -> (artifact id: '59ee6fc543aa9728479175bb61f7d4e8') in 0.017190 seconds 
========================================================================
Received Import Request.
  Time since last request: 0.000111 seconds.
  path: Assets/ModAssets/Models/FoodProps/Lollipop.fbx
  artifactKey: Guid(4ae0a8e21fe944960ae7238feeda49f1) Importer(815301076,1909f56bfc062723c751e8b465ee728b)
Start importing Assets/ModAssets/Models/FoodProps/Lollipop.fbx using Guid(4ae0a8e21fe944960ae7238feeda49f1) Importer(815301076,1909f56bfc062723c751e8b465ee728b)  -> (artifact id: 'a00ba03a3d5b3697622100b6215ad4ed') in 0.165956 seconds 
========================================================================
Received Import Request.
  Time since last request: 0.000109 seconds.
  path: Assets/ModAssets/Models/FoodProps/Licorice.fbx
  artifactKey: Guid(a6ff71d7327404fa29bb26a648cfe3ff) Importer(815301076,1909f56bfc062723c751e8b465ee728b)
Start importing Assets/ModAssets/Models/FoodProps/Licorice.fbx using Guid(a6ff71d7327404fa29bb26a648cfe3ff) Importer(815301076,1909f56bfc062723c751e8b465ee728b)  -> (artifact id: '2053242b04777dcb54f5be4a621e9733') in 0.021165 seconds 
========================================================================
Received Import Request.
  Time since last request: 0.000143 seconds.
  path: Assets/ModAssets/Models/FoodProps/Donut.fbx
  artifactKey: Guid(b121577100373491d839adcc51d30452) Importer(815301076,1909f56bfc062723c751e8b465ee728b)
Start importing Assets/ModAssets/Models/FoodProps/Donut.fbx using Guid(b121577100373491d839adcc51d30452) Importer(815301076,1909f56bfc062723c751e8b465ee728b)  -> (artifact id: 'ef895e2cbd00a09c5161521cf17ec552') in 0.027096 seconds 
========================================================================
Received Import Request.
  Time since last request: 0.000114 seconds.
  path: Assets/ModAssets/Models/FoodProps/GummyBear.fbx
  artifactKey: Guid(58ea00b8d25e246b4aabc659dc7b33c4) Importer(815301076,1909f56bfc062723c751e8b465ee728b)
Start importing Assets/ModAssets/Models/FoodProps/GummyBear.fbx using Guid(58ea00b8d25e246b4aabc659dc7b33c4) Importer(815301076,1909f56bfc062723c751e8b465ee728b)  -> (artifact id: '4eccef1ffad9f41db7b235e26795da33') in 0.021770 seconds 
========================================================================
Received Import Request.
  Time since last request: 0.918900 seconds.
  path: Assets/ModAssets/Models/HatMeshes/GlassesMesh.fbx
  artifactKey: Guid(be949c77dc28c459280b4981f6495d99) Importer(815301076,1909f56bfc062723c751e8b465ee728b)
Start importing Assets/ModAssets/Models/HatMeshes/GlassesMesh.fbx using Guid(be949c77dc28c459280b4981f6495d99) Importer(815301076,1909f56bfc062723c751e8b465ee728b)  -> (artifact id: '117704157a7fb6c2dd34067cb78dc5e4') in 0.013163 seconds 
========================================================================
Received Import Request.
  Time since last request: 0.000118 seconds.
  path: Assets/ModAssets/Models/HatMeshes/WizardHatMesh.fbx
  artifactKey: Guid(41fa7087e84034b719aeb52d1260a81b) Importer(815301076,1909f56bfc062723c751e8b465ee728b)
Start importing Assets/ModAssets/Models/HatMeshes/WizardHatMesh.fbx using Guid(41fa7087e84034b719aeb52d1260a81b) Importer(815301076,1909f56bfc062723c751e8b465ee728b)  -> (artifact id: 'e02f11565bcd12ded35d0a38a1cfdbd8') in 0.012782 seconds 
========================================================================
Received Import Request.
  Time since last request: 0.000114 seconds.
  path: Assets/ModAssets/Models/HatMeshes/PartyHatMesh.fbx
  artifactKey: Guid(34a2d77e69c9248c09fea2bd77090468) Importer(815301076,1909f56bfc062723c751e8b465ee728b)
Start importing Assets/ModAssets/Models/HatMeshes/PartyHatMesh.fbx using Guid(34a2d77e69c9248c09fea2bd77090468) Importer(815301076,1909f56bfc062723c751e8b465ee728b)  -> (artifact id: '3579328c75828779f53c28f6559fb81a') in 0.012938 seconds 
========================================================================
Received Import Request.
  Time since last request: 0.846824 seconds.
  path: Assets/ModAssets/Models/NatureProps/Cactus.fbx
  artifactKey: Guid(abd8d6df37cf14c4485291b3d13cd460) Importer(815301076,1909f56bfc062723c751e8b465ee728b)
Start importing Assets/ModAssets/Models/NatureProps/Cactus.fbx using Guid(abd8d6df37cf14c4485291b3d13cd460) Importer(815301076,1909f56bfc062723c751e8b465ee728b)  -> (artifact id: 'd6bbea377eb59a9a78177a52f5252c19') in 0.013484 seconds 
========================================================================
Received Import Request.
  Time since last request: 0.000108 seconds.
  path: Assets/ModAssets/Models/NatureProps/FlowerBush.fbx
  artifactKey: Guid(decf25da566de433cb1a874aa0e6dd00) Importer(815301076,1909f56bfc062723c751e8b465ee728b)
Start importing Assets/ModAssets/Models/NatureProps/FlowerBush.fbx using Guid(decf25da566de433cb1a874aa0e6dd00) Importer(815301076,1909f56bfc062723c751e8b465ee728b)  -> (artifact id: 'bb6f1dc42d9064dec001c07af3b8657c') in 0.018265 seconds 
========================================================================
Received Import Request.
  Time since last request: 0.000134 seconds.
  path: Assets/ModAssets/Models/NatureProps/FallenTree.fbx
  artifactKey: Guid(eaf3edd0ef88ac84c970b62f673ed6b0) Importer(815301076,1909f56bfc062723c751e8b465ee728b)
Start importing Assets/ModAssets/Models/NatureProps/FallenTree.fbx using Guid(eaf3edd0ef88ac84c970b62f673ed6b0) Importer(815301076,1909f56bfc062723c751e8b465ee728b)  -> (artifact id: '1ae823c96807c5ae52823636417f63bf') in 0.011920 seconds 
========================================================================
Received Import Request.
  Time since last request: 0.000130 seconds.
  path: Assets/ModAssets/Models/NatureProps/FirTree.fbx
  artifactKey: Guid(5fc0e3d37ec294384aaa0b18e537ff86) Importer(815301076,1909f56bfc062723c751e8b465ee728b)
Start importing Assets/ModAssets/Models/NatureProps/FirTree.fbx using Guid(5fc0e3d37ec294384aaa0b18e537ff86) Importer(815301076,1909f56bfc062723c751e8b465ee728b)  -> (artifact id: 'a68f76d907efbe6030ffee3545d6e71d') in 0.016529 seconds 
========================================================================
Received Import Request.
  Time since last request: 0.000135 seconds.
  path: Assets/ModAssets/Models/NatureProps/PalmTree.fbx
  artifactKey: Guid(ae36130ee9b994114b35ece84c158fdc) Importer(815301076,1909f56bfc062723c751e8b465ee728b)
Start importing Assets/ModAssets/Models/NatureProps/PalmTree.fbx using Guid(ae36130ee9b994114b35ece84c158fdc) Importer(815301076,1909f56bfc062723c751e8b465ee728b)  -> (artifact id: 'a3406a871f9a7052d6ea071181f6621a') in 0.025931 seconds 
========================================================================
Received Import Request.
  Time since last request: 0.000116 seconds.
  path: Assets/ModAssets/Models/NatureProps/Mushroom.fbx
  artifactKey: Guid(403205f95f9214aa7a1f003ae7bd2333) Importer(815301076,1909f56bfc062723c751e8b465ee728b)
Start importing Assets/ModAssets/Models/NatureProps/Mushroom.fbx using Guid(403205f95f9214aa7a1f003ae7bd2333) Importer(815301076,1909f56bfc062723c751e8b465ee728b)  -> (artifact id: '5da302c0e42619ef1d80136e7e151014') in 0.016729 seconds 
========================================================================
Received Import Request.
  Time since last request: 3.157840 seconds.
  path: Assets/ModAssets/Models/SpaceProps/Asteroid.fbx
  artifactKey: Guid(738cfb63efae84af7b2446470711e751) Importer(815301076,1909f56bfc062723c751e8b465ee728b)
Start importing Assets/ModAssets/Models/SpaceProps/Asteroid.fbx using Guid(738cfb63efae84af7b2446470711e751) Importer(815301076,1909f56bfc062723c751e8b465ee728b)  -> (artifact id: 'f933a79820d014d2203cd122f5f392b2') in 0.017457 seconds 
========================================================================
Received Import Request.
  Time since last request: 0.000115 seconds.
  path: Assets/ModAssets/Models/SpaceProps/Rocket.fbx
  artifactKey: Guid(b698994a5dd674ee3997e51d3474a09f) Importer(815301076,1909f56bfc062723c751e8b465ee728b)
Start importing Assets/ModAssets/Models/SpaceProps/Rocket.fbx using Guid(b698994a5dd674ee3997e51d3474a09f) Importer(815301076,1909f56bfc062723c751e8b465ee728b)  -> (artifact id: '3626bc9712141772249098a7241cd8ea') in 0.015610 seconds 
========================================================================
Received Import Request.
  Time since last request: 0.000121 seconds.
  path: Assets/ModAssets/Models/SpaceProps/SatelliteDish.fbx
  artifactKey: Guid(1b5c4d63f30c047a6b5e593599a27c13) Importer(815301076,1909f56bfc062723c751e8b465ee728b)
Start importing Assets/ModAssets/Models/SpaceProps/SatelliteDish.fbx using Guid(1b5c4d63f30c047a6b5e593599a27c13) Importer(815301076,1909f56bfc062723c751e8b465ee728b)  -> (artifact id: '6050113afb634cdec6b92add3b19b982') in 0.013481 seconds 
========================================================================
Received Import Request.
  Time since last request: 0.000128 seconds.
  path: Assets/ModAssets/Models/SpaceProps/Crystal.fbx
  artifactKey: Guid(6b2dfb46096eb400e8d5de95609e53b3) Importer(815301076,1909f56bfc062723c751e8b465ee728b)
Start importing Assets/ModAssets/Models/SpaceProps/Crystal.fbx using Guid(6b2dfb46096eb400e8d5de95609e53b3) Importer(815301076,1909f56bfc062723c751e8b465ee728b)  -> (artifact id: '14e596dd4d9c65eb804df9fb8bcc85be') in 0.014003 seconds 
========================================================================
Received Import Request.
  Time since last request: 1.119361 seconds.
  path: Assets/ModAssets/Models/Totems/Altar.prefab
  artifactKey: Guid(9fdc68ab5a8b18c4a80ce37254a88b2d) Importer(815301076,1909f56bfc062723c751e8b465ee728b)
Start importing Assets/ModAssets/Models/Totems/Altar.prefab using Guid(9fdc68ab5a8b18c4a80ce37254a88b2d) Importer(815301076,1909f56bfc062723c751e8b465ee728b)  -> (artifact id: '236a6566a1077564a1bbfa1b5f70eba0') in 0.161796 seconds 
========================================================================
Received Import Request.
  Time since last request: 0.000121 seconds.
  path: Assets/ModAssets/Models/Totems/Mesh_Statue_Big.fbx
  artifactKey: Guid(63ace06a8644566418ef2ce0a8da2a73) Importer(815301076,1909f56bfc062723c751e8b465ee728b)
Start importing Assets/ModAssets/Models/Totems/Mesh_Statue_Big.fbx using Guid(63ace06a8644566418ef2ce0a8da2a73) Importer(815301076,1909f56bfc062723c751e8b465ee728b)  -> (artifact id: '46f62f5c753548d03eaba750c4ddd231') in 0.010383 seconds 
========================================================================
Received Import Request.
  Time since last request: 0.000167 seconds.
  path: Assets/ModAssets/Models/Totems/Mesh_Statue_Wall.fbx
  artifactKey: Guid(2f7d530ec3a891f44a0ee8e124d8d841) Importer(815301076,1909f56bfc062723c751e8b465ee728b)
Start importing Assets/ModAssets/Models/Totems/Mesh_Statue_Wall.fbx using Guid(2f7d530ec3a891f44a0ee8e124d8d841) Importer(815301076,1909f56bfc062723c751e8b465ee728b)  -> (artifact id: '1a0e49fab20d447fe3061c5dfaea515b') in 0.009104 seconds 
========================================================================
Received Import Request.
  Time since last request: 1.853596 seconds.
  path: Assets/ModAssets/Models/Weapons/Mesh_Weapon_1.fbx
  artifactKey: Guid(b4d38a4c16d22ed45a2737e98d24e63a) Importer(815301076,1909f56bfc062723c751e8b465ee728b)
Start importing Assets/ModAssets/Models/Weapons/Mesh_Weapon_1.fbx using Guid(b4d38a4c16d22ed45a2737e98d24e63a) Importer(815301076,1909f56bfc062723c751e8b465ee728b)  -> (artifact id: 'b7cb691a521ca6ba604faebeec8463c4') in 0.009477 seconds 
========================================================================
Received Import Request.
  Time since last request: 0.000107 seconds.
  path: Assets/ModAssets/Models/Weapons/Mesh_Weapon_2.fbx
  artifactKey: Guid(316b9a4e4c2b0aa4db7f626da3f6774b) Importer(815301076,1909f56bfc062723c751e8b465ee728b)
Start importing Assets/ModAssets/Models/Weapons/Mesh_Weapon_2.fbx using Guid(316b9a4e4c2b0aa4db7f626da3f6774b) Importer(815301076,1909f56bfc062723c751e8b465ee728b)  -> (artifact id: '40540822f68ec2450c05d9cfbf9be475') in 0.008942 seconds 
========================================================================
Received Import Request.
  Time since last request: 3.974191 seconds.
  path: Assets/ModAssets/Prefabs/BillboardPrefabs/BillboardBasic.prefab
  artifactKey: Guid(441945e8a4aa644b3ac6600c6712f79c) Importer(815301076,1909f56bfc062723c751e8b465ee728b)
Start importing Assets/ModAssets/Prefabs/BillboardPrefabs/BillboardBasic.prefab using Guid(441945e8a4aa644b3ac6600c6712f79c) Importer(815301076,1909f56bfc062723c751e8b465ee728b)  -> (artifact id: '89a9738730bd55dc6c3143690c46ee0a') in 0.009061 seconds 
========================================================================
Received Import Request.
  Time since last request: 0.000131 seconds.
  path: Assets/ModAssets/Prefabs/BillboardPrefabs/BillboardTall.prefab
  artifactKey: Guid(eb2165edd3e7844999a55b305c92b541) Importer(815301076,1909f56bfc062723c751e8b465ee728b)
Start importing Assets/ModAssets/Prefabs/BillboardPrefabs/BillboardTall.prefab using Guid(eb2165edd3e7844999a55b305c92b541) Importer(815301076,1909f56bfc062723c751e8b465ee728b)  -> (artifact id: '317f4bb74a99c264e2f6c8350397eb0e') in 0.006988 seconds 
========================================================================
Received Import Request.
  Time since last request: 0.000121 seconds.
  path: Assets/ModAssets/Prefabs/BillboardPrefabs/BillboardWide.prefab
  artifactKey: Guid(87a6cea72ce7247a2814467dab442418) Importer(815301076,1909f56bfc062723c751e8b465ee728b)
Start importing Assets/ModAssets/Prefabs/BillboardPrefabs/BillboardWide.prefab using Guid(87a6cea72ce7247a2814467dab442418) Importer(815301076,1909f56bfc062723c751e8b465ee728b)  -> (artifact id: '404993fd85f0b53fb96aee3e83b8d569') in 0.006390 seconds 
========================================================================
Received Import Request.
  Time since last request: 0.600859 seconds.
  path: Assets/ModAssets/Prefabs/Hat Prefabs/PartyHat.prefab
  artifactKey: Guid(332a6a14085b74fdd9c8f81357a61185) Importer(815301076,1909f56bfc062723c751e8b465ee728b)
Start importing Assets/ModAssets/Prefabs/Hat Prefabs/PartyHat.prefab using Guid(332a6a14085b74fdd9c8f81357a61185) Importer(815301076,1909f56bfc062723c751e8b465ee728b)  -> (artifact id: '03844b3e86a9f5c56ff8546af0bc57d8') in 0.099444 seconds 
========================================================================
Received Import Request.
  Time since last request: 0.002638 seconds.
  path: Assets/ModAssets/Prefabs/Hat Prefabs/WizardHat.prefab
  artifactKey: Guid(942c2c1bb4e544cb09d3494e89bb8041) Importer(815301076,1909f56bfc062723c751e8b465ee728b)
Start importing Assets/ModAssets/Prefabs/Hat Prefabs/WizardHat.prefab using Guid(942c2c1bb4e544cb09d3494e89bb8041) Importer(815301076,1909f56bfc062723c751e8b465ee728b)  -> (artifact id: '02086799b592adc430e4d537cea72a2c') in 0.013759 seconds 
========================================================================
Received Import Request.
  Time since last request: 0.000134 seconds.
  path: Assets/ModAssets/Prefabs/Hat Prefabs/TopHat.prefab
  artifactKey: Guid(774a4248793f3461bb91a4fe8170cdd7) Importer(815301076,1909f56bfc062723c751e8b465ee728b)
Start importing Assets/ModAssets/Prefabs/Hat Prefabs/TopHat.prefab using Guid(774a4248793f3461bb91a4fe8170cdd7) Importer(815301076,1909f56bfc062723c751e8b465ee728b)  -> (artifact id: 'e0f2e26fdd2496d2bf111ebd05d679d8') in 0.006242 seconds 
========================================================================
Received Import Request.
  Time since last request: 0.192346 seconds.
  path: Assets/ModAssets/Prefabs/Particle Prefabs/ConfettiCelebration.prefab
  artifactKey: Guid(2f5d313409ec64adc9647e645f3fd9f2) Importer(815301076,1909f56bfc062723c751e8b465ee728b)
Start importing Assets/ModAssets/Prefabs/Particle Prefabs/ConfettiCelebration.prefab using Guid(2f5d313409ec64adc9647e645f3fd9f2) Importer(815301076,1909f56bfc062723c751e8b465ee728b)  -> (artifact id: 'b2a81768368d417e6aca3ac3750bc9d6') in 0.027217 seconds 
========================================================================
Received Import Request.
  Time since last request: 1.917410 seconds.
  path: Assets/ModAssets/Prefabs/Totems/Statue_Big.prefab
  artifactKey: Guid(04df6363b21362a46bcfbb6b371a8671) Importer(815301076,1909f56bfc062723c751e8b465ee728b)
Start importing Assets/ModAssets/Prefabs/Totems/Statue_Big.prefab using Guid(04df6363b21362a46bcfbb6b371a8671) Importer(815301076,1909f56bfc062723c751e8b465ee728b)  -> (artifact id: 'd30a0a58f762bae3ff468e86c987a083') in 0.010808 seconds 
========================================================================
Received Import Request.
  Time since last request: 0.000116 seconds.
  path: Assets/ModAssets/Prefabs/Totems/Statue_Wall.prefab
  artifactKey: Guid(edeaf041d2df0314eb55e3bf76b1b3a5) Importer(815301076,1909f56bfc062723c751e8b465ee728b)
Start importing Assets/ModAssets/Prefabs/Totems/Statue_Wall.prefab using Guid(edeaf041d2df0314eb55e3bf76b1b3a5) Importer(815301076,1909f56bfc062723c751e8b465ee728b)  -> (artifact id: '4a6e99bb7a3400473682d74246cfdb3d') in 0.009750 seconds 
========================================================================
Received Import Request.
  Time since last request: 0.564583 seconds.
  path: Assets/ModAssets/Prefabs/Trail Prefabs/FireTrail.prefab
  artifactKey: Guid(dfa71f3ca0c2e408c855c56585bfbaad) Importer(815301076,1909f56bfc062723c751e8b465ee728b)
Start importing Assets/ModAssets/Prefabs/Trail Prefabs/FireTrail.prefab using Guid(dfa71f3ca0c2e408c855c56585bfbaad) Importer(815301076,1909f56bfc062723c751e8b465ee728b)  -> (artifact id: 'e783e7b2841210025e95f206f77e7c88') in 0.006859 seconds 
========================================================================
Received Import Request.
  Time since last request: 0.000137 seconds.
  path: Assets/ModAssets/Prefabs/Trail Prefabs/RainbowTrail.prefab
  artifactKey: Guid(d3ccf67055b3341468030d0fffd8d16f) Importer(815301076,1909f56bfc062723c751e8b465ee728b)
Start importing Assets/ModAssets/Prefabs/Trail Prefabs/RainbowTrail.prefab using Guid(d3ccf67055b3341468030d0fffd8d16f) Importer(815301076,1909f56bfc062723c751e8b465ee728b)  -> (artifact id: '9cf587c5867951284300c6e6c1f16e3e') in 0.006610 seconds 
========================================================================
Received Import Request.
  Time since last request: 0.000117 seconds.
  path: Assets/ModAssets/Prefabs/Trail Prefabs/LaserTrail.prefab
  artifactKey: Guid(c6e20ffe6d2b946fb9896031aa048f90) Importer(815301076,1909f56bfc062723c751e8b465ee728b)
Start importing Assets/ModAssets/Prefabs/Trail Prefabs/LaserTrail.prefab using Guid(c6e20ffe6d2b946fb9896031aa048f90) Importer(815301076,1909f56bfc062723c751e8b465ee728b)  -> (artifact id: '334313c8b6d0ee1f2d36b153838527a6') in 0.006150 seconds 
========================================================================
Received Import Request.
  Time since last request: 68.896546 seconds.
  path: Assets/FPS/Tutorials/BotIcon.png
  artifactKey: Guid(f6b78880543bf4e91bd85801abd1ab8d) Importer(815301076,1909f56bfc062723c751e8b465ee728b)
Start importing Assets/FPS/Tutorials/BotIcon.png using Guid(f6b78880543bf4e91bd85801abd1ab8d) Importer(815301076,1909f56bfc062723c751e8b465ee728b)  -> (artifact id: '76c2fdc2fd3290cf6dbe809b111bb954') in 0.012593 seconds 
========================================================================
Received Import Request.
  Time since last request: 0.000115 seconds.
  path: Assets/FPS/Tutorials/SuperchargeYourGame.png
  artifactKey: Guid(afa0a481d34b02945a505bd18c45ee44) Importer(815301076,1909f56bfc062723c751e8b465ee728b)
Start importing Assets/FPS/Tutorials/SuperchargeYourGame.png using Guid(afa0a481d34b02945a505bd18c45ee44) Importer(815301076,1909f56bfc062723c751e8b465ee728b)  -> (artifact id: '739aada09c2713406d439b67ded2303b') in 0.004874 seconds 
========================================================================
Received Import Request.
  Time since last request: 0.000088 seconds.
  path: Assets/FPS/Tutorials/Tutorial Project Settings.asset
  artifactKey: Guid(82ccda3adf0ba49e1ba86e30edff0cc5) Importer(815301076,1909f56bfc062723c751e8b465ee728b)
Start importing Assets/FPS/Tutorials/Tutorial Project Settings.asset using Guid(82ccda3adf0ba49e1ba86e30edff0cc5) Importer(815301076,1909f56bfc062723c751e8b465ee728b)  -> (artifact id: 'cedc3be111e2de548ee23a8c9c5f6b5c') in 0.203029 seconds 
========================================================================
Received Import Request.
  Time since last request: 0.000115 seconds.
  path: Assets/FPS/Tutorials/Tutorials.asset
  artifactKey: Guid(977fb762f450240fd9006b8153a0f534) Importer(815301076,1909f56bfc062723c751e8b465ee728b)
Start importing Assets/FPS/Tutorials/Tutorials.asset using Guid(977fb762f450240fd9006b8153a0f534) Importer(815301076,1909f56bfc062723c751e8b465ee728b)  -> (artifact id: '91fa12ee10c6c070af10c9eb06757963') in 0.147268 seconds 
========================================================================
Received Import Request.
  Time since last request: 0.000115 seconds.
  path: Assets/FPS/Tutorials/TutorialHeader.png
  artifactKey: Guid(5384282a0273144fa9333beb77183cb4) Importer(815301076,1909f56bfc062723c751e8b465ee728b)
Start importing Assets/FPS/Tutorials/TutorialHeader.png using Guid(5384282a0273144fa9333beb77183cb4) Importer(815301076,1909f56bfc062723c751e8b465ee728b)  -> (artifact id: 'f2ce553a816e8cb5d982fc644f43c2a8') in 0.004798 seconds 
========================================================================
Received Import Request.
  Time since last request: 0.000115 seconds.
  path: Assets/FPS/Tutorials/Pop.aiff
  artifactKey: Guid(93fbb109633e844259ea828442bda0cb) Importer(815301076,1909f56bfc062723c751e8b465ee728b)
Start importing Assets/FPS/Tutorials/Pop.aiff using Guid(93fbb109633e844259ea828442bda0cb) Importer(815301076,1909f56bfc062723c751e8b465ee728b)  -> (artifact id: '905b3e4382e855f253cbe68181bbce53') in 0.032044 seconds 
========================================================================
Received Import Request.
  Time since last request: 0.000126 seconds.
  path: Assets/FPS/Tutorials/FPSIcon.png
  artifactKey: Guid(82868597b55b3409093b4fe79d24b26c) Importer(815301076,1909f56bfc062723c751e8b465ee728b)
Start importing Assets/FPS/Tutorials/FPSIcon.png using Guid(82868597b55b3409093b4fe79d24b26c) Importer(815301076,1909f56bfc062723c751e8b465ee728b)  -> (artifact id: '6b36ef2f28f41c728abf7333e5dd13ff') in 0.004972 seconds 
========================================================================
Received Import Request.
  Time since last request: 0.000126 seconds.
  path: Assets/FPS/Tutorials/DialogHeader_FPS.png
  artifactKey: Guid(6e279173c7e6446bfbf2744726e35598) Importer(815301076,1909f56bfc062723c751e8b465ee728b)
Start importing Assets/FPS/Tutorials/DialogHeader_FPS.png using Guid(6e279173c7e6446bfbf2744726e35598) Importer(815301076,1909f56bfc062723c751e8b465ee728b)  -> (artifact id: '6a975b82bd652ef2e354f5957178ebdb') in 0.027693 seconds 
========================================================================
Received Import Request.
  Time since last request: 0.000115 seconds.
  path: Assets/FPS/Tutorials/WelcomeDialog.asset
  artifactKey: Guid(c4fddd74b608848c6871b3b0f762ff1d) Importer(815301076,1909f56bfc062723c751e8b465ee728b)
Start importing Assets/FPS/Tutorials/WelcomeDialog.asset using Guid(c4fddd74b608848c6871b3b0f762ff1d) Importer(815301076,1909f56bfc062723c751e8b465ee728b)  -> (artifact id: '40ccaa3e87c9fcbe4378a5122cc6388b') in 0.002474 seconds 
========================================================================
Received Import Request.
  Time since last request: 0.000102 seconds.
  path: Assets/FPS/Tutorials/import-asset@2x.png
  artifactKey: Guid(4db00f0358d194313a877344f4ba535c) Importer(815301076,1909f56bfc062723c751e8b465ee728b)
Start importing Assets/FPS/Tutorials/import-asset@2x.png using Guid(4db00f0358d194313a877344f4ba535c) Importer(815301076,1909f56bfc062723c751e8b465ee728b)  -> (artifact id: '1be7ad7dc684adc3c15223e88fdbbe5d') in 0.004642 seconds 
========================================================================
Received Import Request.
  Time since last request: 0.000145 seconds.
  path: Assets/FPS/Tutorials/TutorialCallbacks.asset
  artifactKey: Guid(98457f12a6e8529488d624978bbbf3eb) Importer(815301076,1909f56bfc062723c751e8b465ee728b)
Start importing Assets/FPS/Tutorials/TutorialCallbacks.asset using Guid(98457f12a6e8529488d624978bbbf3eb) Importer(815301076,1909f56bfc062723c751e8b465ee728b)  -> (artifact id: 'b2e101062de61ec82a6fefe22aaca0b0') in 0.023088 seconds 
========================================================================
Received Import Request.
  Time since last request: 0.000126 seconds.
  path: Assets/FPS/Tutorials/Unity.FPS.Tutorials.asmdef
  artifactKey: Guid(54b90cb525cf7fd4b8440dd760d63ac4) Importer(815301076,1909f56bfc062723c751e8b465ee728b)
Start importing Assets/FPS/Tutorials/Unity.FPS.Tutorials.asmdef using Guid(54b90cb525cf7fd4b8440dd760d63ac4) Importer(815301076,1909f56bfc062723c751e8b465ee728b)  -> (artifact id: '2b72f36f3b8e9f39b7ba7d9e73d45c09') in 0.002242 seconds 
========================================================================
Received Import Request.
  Time since last request: 5.207254 seconds.
  path: Assets/FPS/Prefabs/Enemies/Enemy_HoverBot.prefab
  artifactKey: Guid(25a1b0efadb966e44889fce712c8ff8d) Importer(815301076,1909f56bfc062723c751e8b465ee728b)
Start importing Assets/FPS/Prefabs/Enemies/Enemy_HoverBot.prefab using Guid(25a1b0efadb966e44889fce712c8ff8d) Importer(815301076,1909f56bfc062723c751e8b465ee728b)  -> (artifact id: '947593991c1e5fd2ce28f0264cb5f8a4') in 1.678522 seconds 
========================================================================
Received Import Request.
  Time since last request: 0.000118 seconds.
  path: Assets/FPS/Prefabs/Enemies/Enemy_Turret.prefab
  artifactKey: Guid(e29d43f43cc5d82499dd9926e01847d3) Importer(815301076,1909f56bfc062723c751e8b465ee728b)
Start importing Assets/FPS/Prefabs/Enemies/Enemy_Turret.prefab using Guid(e29d43f43cc5d82499dd9926e01847d3) Importer(815301076,1909f56bfc062723c751e8b465ee728b)  -> (artifact id: 'b5a60fbe3c99c3053d35d4d3d1546ee9') in 0.023621 seconds 
========================================================================
Received Import Request.
  Time since last request: 0.137302 seconds.
  path: Assets/FPS/Prefabs/Level/BaseObjects/Basic_Floor_Mesh.prefab
  artifactKey: Guid(2a86e4ba493cd034cbc2c5713da1a643) Importer(815301076,1909f56bfc062723c751e8b465ee728b)
Start importing Assets/FPS/Prefabs/Level/BaseObjects/Basic_Floor_Mesh.prefab using Guid(2a86e4ba493cd034cbc2c5713da1a643) Importer(815301076,1909f56bfc062723c751e8b465ee728b)  -> (artifact id: 'e5d6625b690b145a6eae5181046bba5c') in 0.010934 seconds 
========================================================================
Received Import Request.
  Time since last request: 0.000143 seconds.
  path: Assets/FPS/Prefabs/Level/BaseObjects/Floor_HalfIndented_Mesh.prefab
  artifactKey: Guid(d207437c57685d148828d9db69949ca2) Importer(815301076,1909f56bfc062723c751e8b465ee728b)
Start importing Assets/FPS/Prefabs/Level/BaseObjects/Floor_HalfIndented_Mesh.prefab using Guid(d207437c57685d148828d9db69949ca2) Importer(815301076,1909f56bfc062723c751e8b465ee728b)  -> (artifact id: '59492deee88b7f0d34b7266c65973157') in 0.006591 seconds 
========================================================================
Received Import Request.
  Time since last request: 0.000121 seconds.
  path: Assets/FPS/Prefabs/Level/BaseObjects/Wall_Window_Mesh.prefab
  artifactKey: Guid(f40315d44d0aa1744adca0bd971f7293) Importer(815301076,1909f56bfc062723c751e8b465ee728b)
Start importing Assets/FPS/Prefabs/Level/BaseObjects/Wall_Window_Mesh.prefab using Guid(f40315d44d0aa1744adca0bd971f7293) Importer(815301076,1909f56bfc062723c751e8b465ee728b)  -> (artifact id: '66cba84820fbf64202453190bbd307c5') in 0.005965 seconds 
========================================================================
Received Import Request.
  Time since last request: 0.000140 seconds.
  path: Assets/FPS/Prefabs/Level/BaseObjects/Dun_BigDoor_Mesh.prefab
  artifactKey: Guid(7bc503aa9132b4e47a448315b66731b4) Importer(815301076,1909f56bfc062723c751e8b465ee728b)
Start importing Assets/FPS/Prefabs/Level/BaseObjects/Dun_BigDoor_Mesh.prefab using Guid(7bc503aa9132b4e47a448315b66731b4) Importer(815301076,1909f56bfc062723c751e8b465ee728b)  -> (artifact id: '2cb4aec07c4a9f71c70956475b77abac') in 0.006129 seconds 
========================================================================
Received Import Request.
  Time since last request: 0.000144 seconds.
  path: Assets/FPS/Prefabs/Level/BaseObjects/Floor_Indented_Mesh.prefab
  artifactKey: Guid(18c9e52711cee4b40bfb4317ae7f329e) Importer(815301076,1909f56bfc062723c751e8b465ee728b)
Start importing Assets/FPS/Prefabs/Level/BaseObjects/Floor_Indented_Mesh.prefab using Guid(18c9e52711cee4b40bfb4317ae7f329e) Importer(815301076,1909f56bfc062723c751e8b465ee728b)  -> (artifact id: '4323a8df542ac7c8e3a44373792065c3') in 0.008072 seconds 
========================================================================
Received Import Request.
  Time since last request: 0.000143 seconds.
  path: Assets/FPS/Prefabs/Level/BaseObjects/Ramp_3m_Mesh.prefab
  artifactKey: Guid(e2b37056c9c4c0b4c808ca97af52c753) Importer(815301076,1909f56bfc062723c751e8b465ee728b)
Start importing Assets/FPS/Prefabs/Level/BaseObjects/Ramp_3m_Mesh.prefab using Guid(e2b37056c9c4c0b4c808ca97af52c753) Importer(815301076,1909f56bfc062723c751e8b465ee728b)  -> (artifact id: 'e2a0435b812e6e61c38b395a81641d02') in 0.006592 seconds 
========================================================================
Received Import Request.
  Time since last request: 0.000145 seconds.
  path: Assets/FPS/Prefabs/Level/BaseObjects/Wall_1m_Mesh.prefab
  artifactKey: Guid(22ee8966e4c728a418415db5731c87ae) Importer(815301076,1909f56bfc062723c751e8b465ee728b)
Start importing Assets/FPS/Prefabs/Level/BaseObjects/Wall_1m_Mesh.prefab using Guid(22ee8966e4c728a418415db5731c87ae) Importer(815301076,1909f56bfc062723c751e8b465ee728b)  -> (artifact id: '34f6463e99df70cbc2ac4db24f9ea4b0') in 0.007253 seconds 
========================================================================
Received Import Request.
  Time since last request: 0.000118 seconds.
  path: Assets/FPS/Prefabs/Level/BaseObjects/Wall_4m_Mesh.prefab
  artifactKey: Guid(4f42672477f836a4281ef4c3bdfe6d05) Importer(815301076,1909f56bfc062723c751e8b465ee728b)
Start importing Assets/FPS/Prefabs/Level/BaseObjects/Wall_4m_Mesh.prefab using Guid(4f42672477f836a4281ef4c3bdfe6d05) Importer(815301076,1909f56bfc062723c751e8b465ee728b)  -> (artifact id: '0ec762665992bc34e63938673e8663bc') in 0.006263 seconds 
========================================================================
Received Import Request.
  Time since last request: 0.000146 seconds.
  path: Assets/FPS/Prefabs/Level/BaseObjects/Ramp_4m_Mesh.prefab
  artifactKey: Guid(f82ad03af081ae7449925e80f34dbe6c) Importer(815301076,1909f56bfc062723c751e8b465ee728b)
Start importing Assets/FPS/Prefabs/Level/BaseObjects/Ramp_4m_Mesh.prefab using Guid(f82ad03af081ae7449925e80f34dbe6c) Importer(815301076,1909f56bfc062723c751e8b465ee728b)  -> (artifact id: '938b2b827df82cd4a1c70422b16a270f') in 0.006012 seconds 
========================================================================
Received Import Request.
  Time since last request: 0.000137 seconds.
  path: Assets/FPS/Prefabs/Level/BaseObjects/Wall_DoorLarge_Mesh.prefab
  artifactKey: Guid(7673a77408601704487f600510222da0) Importer(815301076,1909f56bfc062723c751e8b465ee728b)
Start importing Assets/FPS/Prefabs/Level/BaseObjects/Wall_DoorLarge_Mesh.prefab using Guid(7673a77408601704487f600510222da0) Importer(815301076,1909f56bfc062723c751e8b465ee728b)  -> (artifact id: 'a2d9b8f5b274bf96442db5ce2ac9ee14') in 0.008139 seconds 
========================================================================
Received Import Request.
  Time since last request: 0.000151 seconds.
  path: Assets/FPS/Prefabs/Level/BaseObjects/Wall_Door_Mesh.prefab
  artifactKey: Guid(81f93335543589a4f91b584e567ac59e) Importer(815301076,1909f56bfc062723c751e8b465ee728b)
Start importing Assets/FPS/Prefabs/Level/BaseObjects/Wall_Door_Mesh.prefab using Guid(81f93335543589a4f91b584e567ac59e) Importer(815301076,1909f56bfc062723c751e8b465ee728b)  -> (artifact id: '326cd05eb93b0736b585d9c47e12e043') in 0.006075 seconds 
========================================================================
Received Import Request.
  Time since last request: 0.000157 seconds.
  path: Assets/FPS/Prefabs/Level/BaseObjects/Ramp_8m_Mesh.prefab
  artifactKey: Guid(01e098456aadb2c4480a8c5b62925e15) Importer(815301076,1909f56bfc062723c751e8b465ee728b)
Start importing Assets/FPS/Prefabs/Level/BaseObjects/Ramp_8m_Mesh.prefab using Guid(01e098456aadb2c4480a8c5b62925e15) Importer(815301076,1909f56bfc062723c751e8b465ee728b)  -> (artifact id: 'cd337eeec95055a8b41a447f184979df') in 0.007220 seconds 
========================================================================
Received Import Request.
  Time since last request: 10.497265 seconds.
  path: Assets/FPS/Prefabs/Level/Catwalk/Cat_Corner.prefab
  artifactKey: Guid(6ee78a789f6c76e4283d0503654c2859) Importer(815301076,1909f56bfc062723c751e8b465ee728b)
Start importing Assets/FPS/Prefabs/Level/Catwalk/Cat_Corner.prefab using Guid(6ee78a789f6c76e4283d0503654c2859) Importer(815301076,1909f56bfc062723c751e8b465ee728b)  -> (artifact id: 'd12f4cdbbc238eed035f532e271d8759') in 0.007424 seconds 
========================================================================
Received Import Request.
  Time since last request: 0.000137 seconds.
  path: Assets/FPS/Prefabs/Level/Catwalk/Cat_Corner_Window.prefab
  artifactKey: Guid(67dfe562c6d5b5f489cf79d46f97f6d1) Importer(815301076,1909f56bfc062723c751e8b465ee728b)
Start importing Assets/FPS/Prefabs/Level/Catwalk/Cat_Corner_Window.prefab using Guid(67dfe562c6d5b5f489cf79d46f97f6d1) Importer(815301076,1909f56bfc062723c751e8b465ee728b)  -> (artifact id: 'de9ecd50bed2b0b5a6e1f7f7bc98e2f7') in 0.006777 seconds 
========================================================================
Received Import Request.
  Time since last request: 0.000125 seconds.
  path: Assets/FPS/Prefabs/Level/Catwalk/Cat_Hall_Mix.prefab
  artifactKey: Guid(31cd6c201ec4ebd40bb41c07f40be4af) Importer(815301076,1909f56bfc062723c751e8b465ee728b)
Start importing Assets/FPS/Prefabs/Level/Catwalk/Cat_Hall_Mix.prefab using Guid(31cd6c201ec4ebd40bb41c07f40be4af) Importer(815301076,1909f56bfc062723c751e8b465ee728b)  -> (artifact id: '845b7ca738017c5d92a2c6cb42839566') in 0.007671 seconds 
========================================================================
Received Import Request.
  Time since last request: 0.000134 seconds.
  path: Assets/FPS/Prefabs/Level/Catwalk/Cat_Hall_Wall.prefab
  artifactKey: Guid(b77f5c4eeade4314eba8af8750deeb16) Importer(815301076,1909f56bfc062723c751e8b465ee728b)
Start importing Assets/FPS/Prefabs/Level/Catwalk/Cat_Hall_Wall.prefab using Guid(b77f5c4eeade4314eba8af8750deeb16) Importer(815301076,1909f56bfc062723c751e8b465ee728b)  -> (artifact id: 'ba0caeefbd5ab7a473370572e898cff1') in 0.007344 seconds 
========================================================================
Received Import Request.
  Time since last request: 0.000207 seconds.
  path: Assets/FPS/Prefabs/Level/Catwalk/Cat_Hall_Window.prefab
  artifactKey: Guid(746c7d274c4ae2244a99432c3be5212a) Importer(815301076,1909f56bfc062723c751e8b465ee728b)
Start importing Assets/FPS/Prefabs/Level/Catwalk/Cat_Hall_Window.prefab using Guid(746c7d274c4ae2244a99432c3be5212a) Importer(815301076,1909f56bfc062723c751e8b465ee728b)  -> (artifact id: 'fd474689331439365b310776ce58a193') in 0.006976 seconds 
========================================================================
Received Import Request.
  Time since last request: 4.026938 seconds.
  path: Assets/FPS/Prefabs/Level/Crawl/Crawl_Hall.prefab
  artifactKey: Guid(af7e40baf6cbccc4eb3f8a7831226b96) Importer(815301076,1909f56bfc062723c751e8b465ee728b)
Start importing Assets/FPS/Prefabs/Level/Crawl/Crawl_Hall.prefab using Guid(af7e40baf6cbccc4eb3f8a7831226b96) Importer(815301076,1909f56bfc062723c751e8b465ee728b)  -> (artifact id: '1f790eaac3a004047c5b9510359727fa') in 0.013350 seconds 
========================================================================
Received Import Request.
  Time since last request: 0.000112 seconds.
  path: Assets/FPS/Prefabs/Level/Crawl/Crawl_Ramp.prefab
  artifactKey: Guid(bf72addb49312404c8892098d8d911ad) Importer(815301076,1909f56bfc062723c751e8b465ee728b)
Start importing Assets/FPS/Prefabs/Level/Crawl/Crawl_Ramp.prefab using Guid(bf72addb49312404c8892098d8d911ad) Importer(815301076,1909f56bfc062723c751e8b465ee728b)  -> (artifact id: 'b5b20a63ac06a1f69ef7a6bb879cff2c') in 0.010702 seconds 
========================================================================
Received Import Request.
  Time since last request: 2.609462 seconds.
  path: Assets/FPS/Prefabs/Level/Dungeon/Dun_BigDoor.prefab
  artifactKey: Guid(7bb3ef68f11ffa04fac728ad3fdaccc7) Importer(815301076,1909f56bfc062723c751e8b465ee728b)
Start importing Assets/FPS/Prefabs/Level/Dungeon/Dun_BigDoor.prefab using Guid(7bb3ef68f11ffa04fac728ad3fdaccc7) Importer(815301076,1909f56bfc062723c751e8b465ee728b)  -> (artifact id: '4d78b24d0df8db12a27112c36e9a7abd') in 0.006725 seconds 
========================================================================
Received Import Request.
  Time since last request: 0.000133 seconds.
  path: Assets/FPS/Prefabs/Level/Dungeon/Dun_Corner.prefab
  artifactKey: Guid(1357d534d67e44349a4b7c67840165c7) Importer(815301076,1909f56bfc062723c751e8b465ee728b)
Start importing Assets/FPS/Prefabs/Level/Dungeon/Dun_Corner.prefab using Guid(1357d534d67e44349a4b7c67840165c7) Importer(815301076,1909f56bfc062723c751e8b465ee728b)  -> (artifact id: '042623f879e8d9f43435f05bd9a0a48a') in 0.006594 seconds 
========================================================================
Received Import Request.
  Time since last request: 0.000141 seconds.
  path: Assets/FPS/Prefabs/Level/Dungeon/Dun_Tower.prefab
  artifactKey: Guid(8417428a3ba2f8946ab5205bd869364b) Importer(815301076,1909f56bfc062723c751e8b465ee728b)
Start importing Assets/FPS/Prefabs/Level/Dungeon/Dun_Tower.prefab using Guid(8417428a3ba2f8946ab5205bd869364b) Importer(815301076,1909f56bfc062723c751e8b465ee728b)  -> (artifact id: '535d93de65ad107117e4907aa0993864') in 0.008497 seconds 
========================================================================
Received Import Request.
  Time since last request: 0.000133 seconds.
  path: Assets/FPS/Prefabs/Level/Dungeon/Dun_Fork.prefab
  artifactKey: Guid(0a5a49e8197f8d34e90e825e26c9ecb2) Importer(815301076,1909f56bfc062723c751e8b465ee728b)
Start importing Assets/FPS/Prefabs/Level/Dungeon/Dun_Fork.prefab using Guid(0a5a49e8197f8d34e90e825e26c9ecb2) Importer(815301076,1909f56bfc062723c751e8b465ee728b)  -> (artifact id: '391d96a39b1e5911053114ebfebf88b0') in 0.010574 seconds 
========================================================================
Received Import Request.
  Time since last request: 0.000154 seconds.
  path: Assets/FPS/Prefabs/Level/Dungeon/Dun_Hall_T.prefab
  artifactKey: Guid(57c214aeb2595e94c91dddb4ab355cc2) Importer(815301076,1909f56bfc062723c751e8b465ee728b)
Start importing Assets/FPS/Prefabs/Level/Dungeon/Dun_Hall_T.prefab using Guid(57c214aeb2595e94c91dddb4ab355cc2) Importer(815301076,1909f56bfc062723c751e8b465ee728b)  -> (artifact id: 'd2c79609312b8838db8b3e6691cd3c3e') in 0.009037 seconds 
========================================================================
Received Import Request.
  Time since last request: 0.000131 seconds.
  path: Assets/FPS/Prefabs/Level/Dungeon/Dun_Wall_Open.prefab
  artifactKey: Guid(1e4bd8ac328e4bb4fbbee62ca0f24a98) Importer(815301076,1909f56bfc062723c751e8b465ee728b)
Start importing Assets/FPS/Prefabs/Level/Dungeon/Dun_Wall_Open.prefab using Guid(1e4bd8ac328e4bb4fbbee62ca0f24a98) Importer(815301076,1909f56bfc062723c751e8b465ee728b)  -> (artifact id: '2704d18f74fc1e9a9c433cbe6e4ef8bb') in 0.007940 seconds 
========================================================================
Received Import Request.
  Time since last request: 0.000143 seconds.
  path: Assets/FPS/Prefabs/Level/Dungeon/Dun_Tower_Open.prefab
  artifactKey: Guid(1d5f7af86369d6d49be1dc50227c3be5) Importer(815301076,1909f56bfc062723c751e8b465ee728b)
Start importing Assets/FPS/Prefabs/Level/Dungeon/Dun_Tower_Open.prefab using Guid(1d5f7af86369d6d49be1dc50227c3be5) Importer(815301076,1909f56bfc062723c751e8b465ee728b)  -> (artifact id: '836fb34baa8803ff26ffdf5bbe2ff89f') in 0.008156 seconds 
========================================================================
Received Import Request.
  Time since last request: 0.000139 seconds.
  path: Assets/FPS/Prefabs/Level/Dungeon/Dun_DeadEnd.prefab
  artifactKey: Guid(321d2a485bfb5d34bb45484bb8f7f6f5) Importer(815301076,1909f56bfc062723c751e8b465ee728b)
Start importing Assets/FPS/Prefabs/Level/Dungeon/Dun_DeadEnd.prefab using Guid(321d2a485bfb5d34bb45484bb8f7f6f5) Importer(815301076,1909f56bfc062723c751e8b465ee728b)  -> (artifact id: '666703d66d10db2f5b3796041ea9dcb3') in 0.007933 seconds 
========================================================================
Received Import Request.
  Time since last request: 0.000125 seconds.
  path: Assets/FPS/Prefabs/Level/Dungeon/Dun_Cross.prefab
  artifactKey: Guid(a154559da8c0da24b98c1eaa7649c853) Importer(815301076,1909f56bfc062723c751e8b465ee728b)
Start importing Assets/FPS/Prefabs/Level/Dungeon/Dun_Cross.prefab using Guid(a154559da8c0da24b98c1eaa7649c853) Importer(815301076,1909f56bfc062723c751e8b465ee728b)  -> (artifact id: '2f29b7f778dcb0d84f3b17c2e6d73727') in 0.009070 seconds 
========================================================================
Received Import Request.
  Time since last request: 0.000138 seconds.
  path: Assets/FPS/Prefabs/Level/Dungeon/Dun_Hall.prefab
  artifactKey: Guid(fc17ef824b45b2d4f8067b22da77a8d5) Importer(815301076,1909f56bfc062723c751e8b465ee728b)
Start importing Assets/FPS/Prefabs/Level/Dungeon/Dun_Hall.prefab using Guid(fc17ef824b45b2d4f8067b22da77a8d5) Importer(815301076,1909f56bfc062723c751e8b465ee728b)  -> (artifact id: '1f062bef8dd430619c3466157e57225f') in 0.007495 seconds 
========================================================================
Received Import Request.
  Time since last request: 0.000139 seconds.
  path: Assets/FPS/Prefabs/Level/Dungeon/Dun_Descent.prefab
  artifactKey: Guid(91e047326c7121248bcdf81ab6f4a6fa) Importer(815301076,1909f56bfc062723c751e8b465ee728b)
Start importing Assets/FPS/Prefabs/Level/Dungeon/Dun_Descent.prefab using Guid(91e047326c7121248bcdf81ab6f4a6fa) Importer(815301076,1909f56bfc062723c751e8b465ee728b)  -> (artifact id: '66b5e53abdd0ebd05639217905b4071c') in 0.011436 seconds 
========================================================================
Received Import Request.
  Time since last request: 0.000150 seconds.
  path: Assets/FPS/Prefabs/Level/Dungeon/Dun_Wall.prefab
  artifactKey: Guid(cd17687759887a0438ee021e51abc9d9) Importer(815301076,1909f56bfc062723c751e8b465ee728b)
Start importing Assets/FPS/Prefabs/Level/Dungeon/Dun_Wall.prefab using Guid(cd17687759887a0438ee021e51abc9d9) Importer(815301076,1909f56bfc062723c751e8b465ee728b)  -> (artifact id: '20c74c1f14cb7f8353fb4e3f54ec86af') in 0.008443 seconds 
========================================================================
Received Import Request.
  Time since last request: 0.000114 seconds.
  path: Assets/FPS/Prefabs/Level/Dungeon/Dun_Hall_Corner.prefab
  artifactKey: Guid(e523504ee4a69944d86007881a6784b2) Importer(815301076,1909f56bfc062723c751e8b465ee728b)
Start importing Assets/FPS/Prefabs/Level/Dungeon/Dun_Hall_Corner.prefab using Guid(e523504ee4a69944d86007881a6784b2) Importer(815301076,1909f56bfc062723c751e8b465ee728b)  -> (artifact id: '6292c1eaf5d45212efca80fbcc859855') in 0.009102 seconds 
========================================================================
Received Import Request.
  Time since last request: 1.588252 seconds.
  path: Assets/FPS/Prefabs/Level/Floors/Basic_Floor.prefab
  artifactKey: Guid(2954f5c29859c9d448513c8bd60b3344) Importer(815301076,1909f56bfc062723c751e8b465ee728b)
Start importing Assets/FPS/Prefabs/Level/Floors/Basic_Floor.prefab using Guid(2954f5c29859c9d448513c8bd60b3344) Importer(815301076,1909f56bfc062723c751e8b465ee728b)  -> (artifact id: '756e0db63bfc2cf9909c4b51896eaeb2') in 0.007366 seconds 
========================================================================
Received Import Request.
  Time since last request: 0.000131 seconds.
  path: Assets/FPS/Prefabs/Level/Floors/Floor_12x12.prefab
  artifactKey: Guid(9265be16246178c47aa95ef30f900b13) Importer(815301076,1909f56bfc062723c751e8b465ee728b)
Start importing Assets/FPS/Prefabs/Level/Floors/Floor_12x12.prefab using Guid(9265be16246178c47aa95ef30f900b13) Importer(815301076,1909f56bfc062723c751e8b465ee728b)  -> (artifact id: 'f2bee743225c73a4b34645b10dffd71c') in 0.013623 seconds 
========================================================================
Received Import Request.
  Time since last request: 0.000149 seconds.
  path: Assets/FPS/Prefabs/Level/Floors/Floor_3x3.prefab
  artifactKey: Guid(d5920ec2e9589fa49af231931214586b) Importer(815301076,1909f56bfc062723c751e8b465ee728b)
Start importing Assets/FPS/Prefabs/Level/Floors/Floor_3x3.prefab using Guid(d5920ec2e9589fa49af231931214586b) Importer(815301076,1909f56bfc062723c751e8b465ee728b)  -> (artifact id: '3a638b1fd423755f3d1f01f3eef0bebc') in 0.006930 seconds 
========================================================================
Received Import Request.
  Time since last request: 0.000131 seconds.
  path: Assets/FPS/Prefabs/Level/Floors/Floor_9x9.prefab
  artifactKey: Guid(9b7d8a511d161be4d9c32aae2e937170) Importer(815301076,1909f56bfc062723c751e8b465ee728b)
Start importing Assets/FPS/Prefabs/Level/Floors/Floor_9x9.prefab using Guid(9b7d8a511d161be4d9c32aae2e937170) Importer(815301076,1909f56bfc062723c751e8b465ee728b)  -> (artifact id: 'bb2ad55d36f0b888dc9a577903422292') in 0.011445 seconds 
========================================================================
Received Import Request.
  Time since last request: 0.000131 seconds.
  path: Assets/FPS/Prefabs/Level/Floors/Floor_6x6.prefab
  artifactKey: Guid(e37fa63419b53f34f99d1b98fda16468) Importer(815301076,1909f56bfc062723c751e8b465ee728b)
Start importing Assets/FPS/Prefabs/Level/Floors/Floor_6x6.prefab using Guid(e37fa63419b53f34f99d1b98fda16468) Importer(815301076,1909f56bfc062723c751e8b465ee728b)  -> (artifact id: '789cacd384c2055727a01dfd6198c91d') in 0.009087 seconds 
========================================================================
Received Import Request.
  Time since last request: 0.000135 seconds.
  path: Assets/FPS/Prefabs/Level/Floors/Floor_HalfIndented.prefab
  artifactKey: Guid(f0b642223a6a4d549bb9882da04969c7) Importer(815301076,1909f56bfc062723c751e8b465ee728b)
Start importing Assets/FPS/Prefabs/Level/Floors/Floor_HalfIndented.prefab using Guid(f0b642223a6a4d549bb9882da04969c7) Importer(815301076,1909f56bfc062723c751e8b465ee728b)  -> (artifact id: '0c32cf28c40344466be3500e78f421d2') in 0.006181 seconds 
========================================================================
Received Import Request.
  Time since last request: 0.000136 seconds.
  path: Assets/FPS/Prefabs/Level/Floors/Floor_Altar.prefab
  artifactKey: Guid(ff2889050d7d4414f98bf7a5cb0e54d7) Importer(815301076,1909f56bfc062723c751e8b465ee728b)
Start importing Assets/FPS/Prefabs/Level/Floors/Floor_Altar.prefab using Guid(ff2889050d7d4414f98bf7a5cb0e54d7) Importer(815301076,1909f56bfc062723c751e8b465ee728b)  -> (artifact id: '48f9be767f09c88dad3ab1a35a6971cc') in 0.007497 seconds 
========================================================================
Received Import Request.
  Time since last request: 0.000138 seconds.
  path: Assets/FPS/Prefabs/Level/Floors/Floor_Indented.prefab
  artifactKey: Guid(abcb588193ebfd042bff8971a9702e8b) Importer(815301076,1909f56bfc062723c751e8b465ee728b)
Start importing Assets/FPS/Prefabs/Level/Floors/Floor_Indented.prefab using Guid(abcb588193ebfd042bff8971a9702e8b) Importer(815301076,1909f56bfc062723c751e8b465ee728b)  -> (artifact id: '10f25e3a5288b125850dd33f49cd4ebd') in 0.008120 seconds 
========================================================================
Received Import Request.
  Time since last request: 0.000161 seconds.
  path: Assets/FPS/Prefabs/Level/Floors/Floor_15x15.prefab
  artifactKey: Guid(a184f532e69857842a7a13b462a749d8) Importer(815301076,1909f56bfc062723c751e8b465ee728b)
Start importing Assets/FPS/Prefabs/Level/Floors/Floor_15x15.prefab using Guid(a184f532e69857842a7a13b462a749d8) Importer(815301076,1909f56bfc062723c751e8b465ee728b)  -> (artifact id: 'dbb7490dbd3de7a286bcaa9823fa354c') in 0.019755 seconds 
========================================================================
Received Import Request.
  Time since last request: 0.000182 seconds.
  path: Assets/FPS/Prefabs/Level/Floors/Floor_Medium.prefab
  artifactKey: Guid(4612dab1e987c984e8995eb7732fd0d0) Importer(815301076,1909f56bfc062723c751e8b465ee728b)
Start importing Assets/FPS/Prefabs/Level/Floors/Floor_Medium.prefab using Guid(4612dab1e987c984e8995eb7732fd0d0) Importer(815301076,1909f56bfc062723c751e8b465ee728b)  -> (artifact id: '0878799c4f4d7fdc3e9979e4713b8a9c') in 0.010597 seconds 
========================================================================
Received Import Request.
  Time since last request: 0.000125 seconds.
  path: Assets/FPS/Prefabs/Level/Floors/Floor_18x18.prefab
  artifactKey: Guid(7042f8fe21debc944b5bdc894f478d63) Importer(815301076,1909f56bfc062723c751e8b465ee728b)
Start importing Assets/FPS/Prefabs/Level/Floors/Floor_18x18.prefab using Guid(7042f8fe21debc944b5bdc894f478d63) Importer(815301076,1909f56bfc062723c751e8b465ee728b)  -> (artifact id: '02a122e705e23061a6d1c54e60d4917d') in 0.025779 seconds 
========================================================================
Received Import Request.
  Time since last request: 0.000149 seconds.
  path: Assets/FPS/Prefabs/Level/Floors/Floor_Small.prefab
  artifactKey: Guid(0ffe003860209834b850f3d6e951af2e) Importer(815301076,1909f56bfc062723c751e8b465ee728b)
Start importing Assets/FPS/Prefabs/Level/Floors/Floor_Small.prefab using Guid(0ffe003860209834b850f3d6e951af2e) Importer(815301076,1909f56bfc062723c751e8b465ee728b)  -> (artifact id: '24ca77b1ccb21271c0ce70d26bdce32e') in 0.009015 seconds 
========================================================================
Received Import Request.
  Time since last request: 2.184470 seconds.
  path: Assets/FPS/Prefabs/Level/Ramps/Ramp_3m.prefab
  artifactKey: Guid(37ff5dafe824cb045a19f983787808dd) Importer(815301076,1909f56bfc062723c751e8b465ee728b)
Start importing Assets/FPS/Prefabs/Level/Ramps/Ramp_3m.prefab using Guid(37ff5dafe824cb045a19f983787808dd) Importer(815301076,1909f56bfc062723c751e8b465ee728b)  -> (artifact id: '9c69fe66c897b084cded19cddb23c0fa') in 0.006299 seconds 
========================================================================
Received Import Request.
  Time since last request: 0.000117 seconds.
  path: Assets/FPS/Prefabs/Level/Ramps/Ramp_8m.prefab
  artifactKey: Guid(5c72ddea2f895514baf15cd7a04249d4) Importer(815301076,1909f56bfc062723c751e8b465ee728b)
Start importing Assets/FPS/Prefabs/Level/Ramps/Ramp_8m.prefab using Guid(5c72ddea2f895514baf15cd7a04249d4) Importer(815301076,1909f56bfc062723c751e8b465ee728b)  -> (artifact id: '0f98f019cbe157d98813226afdfa6cd5') in 0.005624 seconds 
========================================================================
Received Import Request.
  Time since last request: 0.000127 seconds.
  path: Assets/FPS/Prefabs/Level/Ramps/Ramp_4m.prefab
  artifactKey: Guid(f70093c75e32a264898e984f4ba60c5a) Importer(815301076,1909f56bfc062723c751e8b465ee728b)
Start importing Assets/FPS/Prefabs/Level/Ramps/Ramp_4m.prefab using Guid(f70093c75e32a264898e984f4ba60c5a) Importer(815301076,1909f56bfc062723c751e8b465ee728b)  -> (artifact id: 'fe12d67f2f72da7f985669fed052c9b1') in 0.007522 seconds 
========================================================================
Received Import Request.
  Time since last request: 1.002883 seconds.
  path: Assets/FPS/Prefabs/Level/Rooms/Room_Altar.prefab
  artifactKey: Guid(115dbd335d944e049a14c0345b664cf6) Importer(815301076,1909f56bfc062723c751e8b465ee728b)
Start importing Assets/FPS/Prefabs/Level/Rooms/Room_Altar.prefab using Guid(115dbd335d944e049a14c0345b664cf6) Importer(815301076,1909f56bfc062723c751e8b465ee728b)  -> (artifact id: 'd55876b016be124cde750d8275b73674') in 0.013783 seconds 
========================================================================
Received Import Request.
  Time since last request: 0.000112 seconds.
  path: Assets/FPS/Prefabs/Level/Rooms/Room_Small_Y.prefab
  artifactKey: Guid(5c1f92430588e114db439f8f71ad58e5) Importer(815301076,1909f56bfc062723c751e8b465ee728b)
Start importing Assets/FPS/Prefabs/Level/Rooms/Room_Small_Y.prefab using Guid(5c1f92430588e114db439f8f71ad58e5) Importer(815301076,1909f56bfc062723c751e8b465ee728b)  -> (artifact id: 'aac460cc8239d8bfc779a47bc50d5051') in 0.009994 seconds 
========================================================================
Received Import Request.
  Time since last request: 0.000139 seconds.
  path: Assets/FPS/Prefabs/Level/Rooms/Room_Medium.prefab
  artifactKey: Guid(35af8bf2573f2d9458eb42510e2d6006) Importer(815301076,1909f56bfc062723c751e8b465ee728b)
Start importing Assets/FPS/Prefabs/Level/Rooms/Room_Medium.prefab using Guid(35af8bf2573f2d9458eb42510e2d6006) Importer(815301076,1909f56bfc062723c751e8b465ee728b)  -> (artifact id: '3d46a50149b1f19d66a639a92c8fadbd') in 0.010858 seconds 
========================================================================
Received Import Request.
  Time since last request: 0.000140 seconds.
  path: Assets/FPS/Prefabs/Level/Rooms/Room_Small_T.prefab
  artifactKey: Guid(75bc57e6a3cbdf24fabc12b67cc778e6) Importer(815301076,1909f56bfc062723c751e8b465ee728b)
Start importing Assets/FPS/Prefabs/Level/Rooms/Room_Small_T.prefab using Guid(75bc57e6a3cbdf24fabc12b67cc778e6) Importer(815301076,1909f56bfc062723c751e8b465ee728b)  -> (artifact id: 'c438e25322bdcbabb3c9471d935c7287') in 0.010388 seconds 
========================================================================
Received Import Request.
  Time since last request: 1.430700 seconds.
  path: Assets/FPS/Prefabs/Level/Signs/Sign_Basic_Floor.prefab
  artifactKey: Guid(509d754db50222f46b673c4778f267e4) Importer(815301076,1909f56bfc062723c751e8b465ee728b)
Start importing Assets/FPS/Prefabs/Level/Signs/Sign_Basic_Floor.prefab using Guid(509d754db50222f46b673c4778f267e4) Importer(815301076,1909f56bfc062723c751e8b465ee728b)  -> (artifact id: '657850d3cfb2898e76b0dd18c85ebb5b') in 0.011052 seconds 
========================================================================
Received Import Request.
  Time since last request: 0.000106 seconds.
  path: Assets/FPS/Prefabs/Level/Signs/Sign_Pyramid_Orange.prefab
  artifactKey: Guid(aa08b41b35f44f14b88700116e6ecff3) Importer(815301076,1909f56bfc062723c751e8b465ee728b)
Start importing Assets/FPS/Prefabs/Level/Signs/Sign_Pyramid_Orange.prefab using Guid(aa08b41b35f44f14b88700116e6ecff3) Importer(815301076,1909f56bfc062723c751e8b465ee728b)  -> (artifact id: 'c1ea9969604f97c454bbbf4a517fff98') in 0.005747 seconds 
========================================================================
Received Import Request.
  Time since last request: 0.000122 seconds.
  path: Assets/FPS/Prefabs/Level/Signs/Sign_Triangle.prefab
  artifactKey: Guid(406361925eb618a49b3e29d64b5b734d) Importer(815301076,1909f56bfc062723c751e8b465ee728b)
Start importing Assets/FPS/Prefabs/Level/Signs/Sign_Triangle.prefab using Guid(406361925eb618a49b3e29d64b5b734d) Importer(815301076,1909f56bfc062723c751e8b465ee728b)  -> (artifact id: 'a98e530ced33f6d41b397b3dda6cb32a') in 0.006163 seconds 
========================================================================
Received Import Request.
  Time since last request: 0.000120 seconds.
  path: Assets/FPS/Prefabs/Level/Signs/Sign_Diamond.prefab
  artifactKey: Guid(a7566d85b04856b42a956c9b162ee747) Importer(815301076,1909f56bfc062723c751e8b465ee728b)
Start importing Assets/FPS/Prefabs/Level/Signs/Sign_Diamond.prefab using Guid(a7566d85b04856b42a956c9b162ee747) Importer(815301076,1909f56bfc062723c751e8b465ee728b)  -> (artifact id: '144a1c7c01f28dfd3fa74ff5a10b7b3d') in 0.006199 seconds 
========================================================================
Received Import Request.
  Time since last request: 0.000131 seconds.
  path: Assets/FPS/Prefabs/Level/Signs/Sign_Pyramid_Green.prefab
  artifactKey: Guid(bee7071e13881aa42803589be7b78c73) Importer(815301076,1909f56bfc062723c751e8b465ee728b)
Start importing Assets/FPS/Prefabs/Level/Signs/Sign_Pyramid_Green.prefab using Guid(bee7071e13881aa42803589be7b78c73) Importer(815301076,1909f56bfc062723c751e8b465ee728b)  -> (artifact id: '624ec1b186666295206ba7ef76a81fb8') in 0.005922 seconds 
========================================================================
Received Import Request.
  Time since last request: 1.966795 seconds.
  path: Assets/FPS/Prefabs/Level/Stairwell/Stairs_Large.prefab
  artifactKey: Guid(757acbc2a10061e448acfff833eae77b) Importer(815301076,1909f56bfc062723c751e8b465ee728b)
Start importing Assets/FPS/Prefabs/Level/Stairwell/Stairs_Large.prefab using Guid(757acbc2a10061e448acfff833eae77b) Importer(815301076,1909f56bfc062723c751e8b465ee728b)  -> (artifact id: 'c0dc51af359ab255cee0868abf74d006') in 0.014131 seconds 
========================================================================
Received Import Request.
  Time since last request: 0.000113 seconds.
  path: Assets/FPS/Prefabs/Level/Stairwell/Stairs_Small.prefab
  artifactKey: Guid(7108e150085af0d4fb586ff1f856a7f2) Importer(815301076,1909f56bfc062723c751e8b465ee728b)
Start importing Assets/FPS/Prefabs/Level/Stairwell/Stairs_Small.prefab using Guid(7108e150085af0d4fb586ff1f856a7f2) Importer(815301076,1909f56bfc062723c751e8b465ee728b)  -> (artifact id: 'e8c40e060a30e8f32782d403170e6c19') in 0.006742 seconds 
========================================================================
Received Import Request.
  Time since last request: 0.000119 seconds.
  path: Assets/FPS/Prefabs/Level/Stairwell/Stairwell_Small.prefab
  artifactKey: Guid(80158efd6c78bab4e9903f1286f5409d) Importer(815301076,1909f56bfc062723c751e8b465ee728b)
Start importing Assets/FPS/Prefabs/Level/Stairwell/Stairwell_Small.prefab using Guid(80158efd6c78bab4e9903f1286f5409d) Importer(815301076,1909f56bfc062723c751e8b465ee728b)  -> (artifact id: 'e64d21dc1d11c3cbf5caca5a5ebf5d94') in 0.007897 seconds 
========================================================================
Received Import Request.
  Time since last request: 0.000156 seconds.
  path: Assets/FPS/Prefabs/Level/Stairwell/Stairwell_Large.prefab
  artifactKey: Guid(b99385add00dc1b41b58bf5cd9bafd5c) Importer(815301076,1909f56bfc062723c751e8b465ee728b)
Start importing Assets/FPS/Prefabs/Level/Stairwell/Stairwell_Large.prefab using Guid(b99385add00dc1b41b58bf5cd9bafd5c) Importer(815301076,1909f56bfc062723c751e8b465ee728b)  -> (artifact id: '597f81e394defb42b535f0097b66426e') in 0.008888 seconds 
========================================================================
Received Import Request.
  Time since last request: 0.881586 seconds.
  path: Assets/FPS/Prefabs/Level/Steps/HighStep.prefab
  artifactKey: Guid(e3a6816b03ceb084b837f8669a888407) Importer(815301076,1909f56bfc062723c751e8b465ee728b)
Start importing Assets/FPS/Prefabs/Level/Steps/HighStep.prefab using Guid(e3a6816b03ceb084b837f8669a888407) Importer(815301076,1909f56bfc062723c751e8b465ee728b)  -> (artifact id: '041cfa3918e12ba54e99f507afcab783') in 0.007244 seconds 
========================================================================
Received Import Request.
  Time since last request: 0.000113 seconds.
  path: Assets/FPS/Prefabs/Level/Steps/ShortSteps_Corner.prefab
  artifactKey: Guid(5e8e145d9b9fbd94da86fdb8ed2c0cb1) Importer(815301076,1909f56bfc062723c751e8b465ee728b)
Start importing Assets/FPS/Prefabs/Level/Steps/ShortSteps_Corner.prefab using Guid(5e8e145d9b9fbd94da86fdb8ed2c0cb1) Importer(815301076,1909f56bfc062723c751e8b465ee728b)  -> (artifact id: '296566b6bde2bacfaac0c0aa4cf09a85') in 0.007744 seconds 
========================================================================
Received Import Request.
  Time since last request: 0.000142 seconds.
  path: Assets/FPS/Prefabs/Level/Steps/HighStep_Triple.prefab
  artifactKey: Guid(84faee66b06b51e4291375b5ff54957e) Importer(815301076,1909f56bfc062723c751e8b465ee728b)
Start importing Assets/FPS/Prefabs/Level/Steps/HighStep_Triple.prefab using Guid(84faee66b06b51e4291375b5ff54957e) Importer(815301076,1909f56bfc062723c751e8b465ee728b)  -> (artifact id: 'a59113b2b289f5ba694655ab2007a5d5') in 0.008056 seconds 
========================================================================
Received Import Request.
  Time since last request: 0.000132 seconds.
  path: Assets/FPS/Prefabs/Level/Steps/HighStep_Double.prefab
  artifactKey: Guid(31ab3fc1638d09d4f945c081e2cd1f75) Importer(815301076,1909f56bfc062723c751e8b465ee728b)
Start importing Assets/FPS/Prefabs/Level/Steps/HighStep_Double.prefab using Guid(31ab3fc1638d09d4f945c081e2cd1f75) Importer(815301076,1909f56bfc062723c751e8b465ee728b)  -> (artifact id: '54ce9022d69122422b269d221b173bdd') in 0.008020 seconds 
========================================================================
Received Import Request.
  Time since last request: 0.000125 seconds.
  path: Assets/FPS/Prefabs/Level/Steps/ShortSteps_Inverted.prefab
  artifactKey: Guid(ed3df5433ae26c54e957a9626daf8332) Importer(815301076,1909f56bfc062723c751e8b465ee728b)
Start importing Assets/FPS/Prefabs/Level/Steps/ShortSteps_Inverted.prefab using Guid(ed3df5433ae26c54e957a9626daf8332) Importer(815301076,1909f56bfc062723c751e8b465ee728b)  -> (artifact id: '657807eefff8ade012e8286e8b01acb0') in 0.007071 seconds 
========================================================================
Received Import Request.
  Time since last request: 0.000141 seconds.
  path: Assets/FPS/Prefabs/Level/Steps/ShortSteps.prefab
  artifactKey: Guid(5a9e1fa835b74524d8b11a37a9900a64) Importer(815301076,1909f56bfc062723c751e8b465ee728b)
Start importing Assets/FPS/Prefabs/Level/Steps/ShortSteps.prefab using Guid(5a9e1fa835b74524d8b11a37a9900a64) Importer(815301076,1909f56bfc062723c751e8b465ee728b)  -> (artifact id: '4ec75181d204a6794ed2d180570d7c02') in 0.007243 seconds 
========================================================================
Received Import Request.
  Time since last request: 0.000127 seconds.
  path: Assets/FPS/Prefabs/Level/Steps/ShortSteps_Corner_Inverted.prefab
  artifactKey: Guid(89ba3c7a14290654fb1dd3b4e0df768b) Importer(815301076,1909f56bfc062723c751e8b465ee728b)
Start importing Assets/FPS/Prefabs/Level/Steps/ShortSteps_Corner_Inverted.prefab using Guid(89ba3c7a14290654fb1dd3b4e0df768b) Importer(815301076,1909f56bfc062723c751e8b465ee728b)  -> (artifact id: '1de996feb5d34796a1482be41634984c') in 0.008086 seconds 
========================================================================
Received Import Request.
  Time since last request: 1.955772 seconds.
  path: Assets/FPS/Prefabs/Level/Walls/Wall_1m.prefab
  artifactKey: Guid(3e1dd0ea23e4fde4988edf3207e53029) Importer(815301076,1909f56bfc062723c751e8b465ee728b)
Start importing Assets/FPS/Prefabs/Level/Walls/Wall_1m.prefab using Guid(3e1dd0ea23e4fde4988edf3207e53029) Importer(815301076,1909f56bfc062723c751e8b465ee728b)  -> (artifact id: '4a24ec8e6bfccefa54bc9280d5682e50') in 0.006798 seconds 
========================================================================
Received Import Request.
  Time since last request: 0.000119 seconds.
  path: Assets/FPS/Prefabs/Level/Walls/Wall_Window.prefab
  artifactKey: Guid(726c5e13e3c5f3144bf1cabe65f5a638) Importer(815301076,1909f56bfc062723c751e8b465ee728b)
Start importing Assets/FPS/Prefabs/Level/Walls/Wall_Window.prefab using Guid(726c5e13e3c5f3144bf1cabe65f5a638) Importer(815301076,1909f56bfc062723c751e8b465ee728b)  -> (artifact id: 'c39b208c2ce3444c08e2fc5f2369c3c9') in 0.005734 seconds 
========================================================================
Received Import Request.
  Time since last request: 0.000131 seconds.
  path: Assets/FPS/Prefabs/Level/Walls/Wall_4m.prefab
  artifactKey: Guid(7ba64c0944716c24f911914e2e6af7a4) Importer(815301076,1909f56bfc062723c751e8b465ee728b)
Start importing Assets/FPS/Prefabs/Level/Walls/Wall_4m.prefab using Guid(7ba64c0944716c24f911914e2e6af7a4) Importer(815301076,1909f56bfc062723c751e8b465ee728b)  -> (artifact id: '1b8121d0153f7b5c93b65df92f43101e') in 0.007985 seconds 
========================================================================
Received Import Request.
  Time since last request: 0.000141 seconds.
  path: Assets/FPS/Prefabs/Level/Walls/Wall_Door.prefab
  artifactKey: Guid(6a26c84054df0e641b1d0f7c96d366e4) Importer(815301076,1909f56bfc062723c751e8b465ee728b)
Start importing Assets/FPS/Prefabs/Level/Walls/Wall_Door.prefab using Guid(6a26c84054df0e641b1d0f7c96d366e4) Importer(815301076,1909f56bfc062723c751e8b465ee728b)  -> (artifact id: '0c0776f48ccde6893eb1f4c60ef4fe46') in 0.007029 seconds 
========================================================================
Received Import Request.
  Time since last request: 0.000137 seconds.
  path: Assets/FPS/Prefabs/Level/Walls/Wall_Corner.prefab
  artifactKey: Guid(8a7b575196771b94e931b1a43820d2a5) Importer(815301076,1909f56bfc062723c751e8b465ee728b)
Start importing Assets/FPS/Prefabs/Level/Walls/Wall_Corner.prefab using Guid(8a7b575196771b94e931b1a43820d2a5) Importer(815301076,1909f56bfc062723c751e8b465ee728b)  -> (artifact id: 'c9cca882694fae51956d6a68e2417400') in 0.006305 seconds 
========================================================================
Received Import Request.
  Time since last request: 0.000135 seconds.
  path: Assets/FPS/Prefabs/Level/Walls/Wall_DoorLarge.prefab
  artifactKey: Guid(91732847dbb8d924185dc7bf4516509c) Importer(815301076,1909f56bfc062723c751e8b465ee728b)
Start importing Assets/FPS/Prefabs/Level/Walls/Wall_DoorLarge.prefab using Guid(91732847dbb8d924185dc7bf4516509c) Importer(815301076,1909f56bfc062723c751e8b465ee728b)  -> (artifact id: '46a042d5b14101e4eea836d9764455f0') in 0.006894 seconds 
========================================================================
Received Prepare
Registering precompiled user dll's ...
Registered in 0.002250 seconds.
Begin MonoManager ReloadAssembly
Native extension for WindowsStandalone target not found
Refreshing native plugins compatible for Editor in 0.41 ms, found 2 plugins.
Preloading 0 native plugins for Editor in 0.00 ms.
Mono: successfully reloaded assembly
- Completed reload, in  0.834 seconds
Domain Reload Profiling:
	ReloadAssembly (834ms)
		BeginReloadAssembly (120ms)
			ExecutionOrderSort (0ms)
			DisableScriptedObjects (4ms)
			BackupInstance (0ms)
			ReleaseScriptingObjects (0ms)
			CreateAndSetChildDomain (37ms)
		EndReloadAssembly (667ms)
			LoadAssemblies (94ms)
			RebuildTransferFunctionScriptingTraits (0ms)
			SetupTypeCache (238ms)
			ReleaseScriptCaches (1ms)
			RebuildScriptCaches (36ms)
			SetupLoadedEditorAssemblies (235ms)
				LogAssemblyErrors (0ms)
				InitializePlatformSupportModulesInManaged (4ms)
				SetLoadedEditorAssemblies (0ms)
				RefreshPlugins (0ms)
				BeforeProcessingInitializeOnLoad (45ms)
				ProcessInitializeOnLoadAttributes (176ms)
				ProcessInitializeOnLoadMethodAttributes (8ms)
				AfterProcessingInitializeOnLoad (1ms)
				EditorAssembliesLoaded (0ms)
			ExecutionOrderSort2 (0ms)
			AwakeInstancesAfterBackupRestoration (6ms)
Platform modules already initialized, skipping
Refreshing native plugins compatible for Editor in 0.40 ms, found 2 plugins.
Preloading 0 native plugins for Editor in 0.00 ms.
Unloading 2104 Unused Serialized files (Serialized files now loaded: 0)
System memory in use before: 183.1 MB.
System memory in use after: 183.2 MB.

Unloading 19 unused Assets to reduce memory usage. Loaded Objects now: 2639.
Total: 2.303600 ms (FindLiveObjects: 0.126800 ms CreateObjectMapping: 0.072000 ms MarkObjects: 2.036500 ms  DeleteObjects: 0.067600 ms)

AssetImportParameters requested are different than current active one (requested -> active):
  custom:framework-win-MediaFoundation: 216162199b28c13a410421893ffa2e32 -> 
  custom:video-decoder-ogg-theora: a1e56fd34408186e4bbccfd4996cb3dc -> 
  custom:container-muxer-webm: aa71ff27fc2769a1b78a27578f13a17b -> 
  custom:container-demuxer-webm: 4f35f7cbe854078d1ac9338744f61a02 -> 
  custom:container-demuxer-ogg: 62fdf1f143b41e24485cea50d1cbac27 -> 
  custom:video-encoder-webm-vp8: eb34c28f22e8b96e1ab97ce403110664 -> 
  custom:video-decoder-webm-vp8: 9c59270c3fd7afecdb556c50c9e8de78 -> 
  custom:audio-decoder-ogg-vorbis: bf7c407c2cedff20999df2af8eb42d56 -> 
  custom:audio-encoder-webm-vorbis: bf7c407c2cedff20999df2af8eb42d56 -> 
========================================================================
Received Prepare
Registering precompiled user dll's ...
Registered in 0.002148 seconds.
Begin MonoManager ReloadAssembly
Native extension for WindowsStandalone target not found
Refreshing native plugins compatible for Editor in 0.41 ms, found 2 plugins.
Preloading 0 native plugins for Editor in 0.00 ms.
Mono: successfully reloaded assembly
- Completed reload, in  0.807 seconds
Domain Reload Profiling:
	ReloadAssembly (807ms)
		BeginReloadAssembly (103ms)
			ExecutionOrderSort (0ms)
			DisableScriptedObjects (4ms)
			BackupInstance (0ms)
			ReleaseScriptingObjects (0ms)
			CreateAndSetChildDomain (24ms)
		EndReloadAssembly (659ms)
			LoadAssemblies (91ms)
			RebuildTransferFunctionScriptingTraits (0ms)
			SetupTypeCache (235ms)
			ReleaseScriptCaches (1ms)
			RebuildScriptCaches (36ms)
			SetupLoadedEditorAssemblies (233ms)
				LogAssemblyErrors (0ms)
				InitializePlatformSupportModulesInManaged (4ms)
				SetLoadedEditorAssemblies (0ms)
				RefreshPlugins (0ms)
				BeforeProcessingInitializeOnLoad (44ms)
				ProcessInitializeOnLoadAttributes (175ms)
				ProcessInitializeOnLoadMethodAttributes (8ms)
				AfterProcessingInitializeOnLoad (1ms)
				EditorAssembliesLoaded (0ms)
			ExecutionOrderSort2 (0ms)
			AwakeInstancesAfterBackupRestoration (6ms)
Platform modules already initialized, skipping
Refreshing native plugins compatible for Editor in 0.39 ms, found 2 plugins.
Preloading 0 native plugins for Editor in 0.00 ms.
Unloading 2104 Unused Serialized files (Serialized files now loaded: 0)
System memory in use before: 183.2 MB.
System memory in use after: 183.2 MB.

Unloading 13 unused Assets to reduce memory usage. Loaded Objects now: 2641.
Total: 2.229200 ms (FindLiveObjects: 0.124300 ms CreateObjectMapping: 0.067200 ms MarkObjects: 1.986500 ms  DeleteObjects: 0.050700 ms)

AssetImportParameters requested are different than current active one (requested -> active):
  custom:framework-win-MediaFoundation: 216162199b28c13a410421893ffa2e32 -> 
  custom:video-decoder-ogg-theora: a1e56fd34408186e4bbccfd4996cb3dc -> 
  custom:container-muxer-webm: aa71ff27fc2769a1b78a27578f13a17b -> 
  custom:container-demuxer-webm: 4f35f7cbe854078d1ac9338744f61a02 -> 
  custom:container-demuxer-ogg: 62fdf1f143b41e24485cea50d1cbac27 -> 
  custom:video-encoder-webm-vp8: eb34c28f22e8b96e1ab97ce403110664 -> 
  custom:video-decoder-webm-vp8: 9c59270c3fd7afecdb556c50c9e8de78 -> 
  custom:audio-decoder-ogg-vorbis: bf7c407c2cedff20999df2af8eb42d56 -> 
  custom:audio-encoder-webm-vorbis: bf7c407c2cedff20999df2af8eb42d56 -> 
========================================================================
Received Prepare
Refreshing native plugins compatible for Editor in 2.29 ms, found 2 plugins.
Preloading 0 native plugins for Editor in 0.00 ms.
Unloading 11 Unused Serialized files (Serialized files now loaded: 0)
System memory in use before: 141.5 MB.
System memory in use after: 141.6 MB.

Unloading 11 unused Assets to reduce memory usage. Loaded Objects now: 2641.
Total: 2.476200 ms (FindLiveObjects: 0.150300 ms CreateObjectMapping: 0.077300 ms MarkObjects: 2.199400 ms  DeleteObjects: 0.048600 ms)

AssetImportParameters requested are different than current active one (requested -> active):
  custom:framework-win-MediaFoundation: 216162199b28c13a410421893ffa2e32 -> 
  custom:video-decoder-ogg-theora: a1e56fd34408186e4bbccfd4996cb3dc -> 
  custom:container-muxer-webm: aa71ff27fc2769a1b78a27578f13a17b -> 
  custom:container-demuxer-webm: 4f35f7cbe854078d1ac9338744f61a02 -> 
  custom:container-demuxer-ogg: 62fdf1f143b41e24485cea50d1cbac27 -> 
  custom:video-encoder-webm-vp8: eb34c28f22e8b96e1ab97ce403110664 -> 
  custom:video-decoder-webm-vp8: 9c59270c3fd7afecdb556c50c9e8de78 -> 
  custom:audio-decoder-ogg-vorbis: bf7c407c2cedff20999df2af8eb42d56 -> 
  custom:audio-encoder-webm-vorbis: bf7c407c2cedff20999df2af8eb42d56 -> 
========================================================================
Received Prepare
Refreshing native plugins compatible for Editor in 2.09 ms, found 2 plugins.
Preloading 0 native plugins for Editor in 0.00 ms.
Unloading 11 Unused Serialized files (Serialized files now loaded: 0)
System memory in use before: 141.6 MB.
System memory in use after: 141.7 MB.

Unloading 11 unused Assets to reduce memory usage. Loaded Objects now: 2641.
Total: 2.709200 ms (FindLiveObjects: 0.120100 ms CreateObjectMapping: 0.064000 ms MarkObjects: 2.481700 ms  DeleteObjects: 0.043000 ms)

AssetImportParameters requested are different than current active one (requested -> active):
  custom:framework-win-MediaFoundation: 216162199b28c13a410421893ffa2e32 -> 
  custom:video-decoder-ogg-theora: a1e56fd34408186e4bbccfd4996cb3dc -> 
  custom:container-muxer-webm: aa71ff27fc2769a1b78a27578f13a17b -> 
  custom:container-demuxer-webm: 4f35f7cbe854078d1ac9338744f61a02 -> 
  custom:container-demuxer-ogg: 62fdf1f143b41e24485cea50d1cbac27 -> 
  custom:video-encoder-webm-vp8: eb34c28f22e8b96e1ab97ce403110664 -> 
  custom:video-decoder-webm-vp8: 9c59270c3fd7afecdb556c50c9e8de78 -> 
  custom:audio-decoder-ogg-vorbis: bf7c407c2cedff20999df2af8eb42d56 -> 
  custom:audio-encoder-webm-vorbis: bf7c407c2cedff20999df2af8eb42d56 -> 
AssetImportWorkerClient::OnTransportError - code=2 error=End of file
